{"meta": {"format": 3, "version": "7.11.0", "timestamp": "2025-10-26T13:08:54.591129", "branch_coverage": false, "show_contexts": false}, "files": {"py3plex/__init__.py": {"executed_lines": [1, 9, 10, 13, 31, 38], "summary": {"covered_lines": 5, "num_statements": 5, "percent_covered": 100.0, "percent_covered_display": "100", "missing_lines": 0, "excluded_lines": 0}, "missing_lines": [], "excluded_lines": [], "functions": {"": {"executed_lines": [1, 9, 10, 13, 31, 38], "summary": {"covered_lines": 5, "num_statements": 5, "percent_covered": 100.0, "percent_covered_display": "100", "missing_lines": 0, "excluded_lines": 0}, "missing_lines": [], "excluded_lines": []}}, "classes": {"": {"executed_lines": [1, 9, 10, 13, 31, 38], "summary": {"covered_lines": 5, "num_statements": 5, "percent_covered": 100.0, "percent_covered_display": "100", "missing_lines": 0, "excluded_lines": 0}, "missing_lines": [], "excluded_lines": []}}}, "py3plex/algorithms/__init__.py": {"executed_lines": [1, 7, 9], "summary": {"covered_lines": 2, "num_statements": 2, "percent_covered": 100.0, "percent_covered_display": "100", "missing_lines": 0, "excluded_lines": 0}, "missing_lines": [], "excluded_lines": [], "functions": {"": {"executed_lines": [1, 7, 9], "summary": {"covered_lines": 2, "num_statements": 2, "percent_covered": 100.0, "percent_covered_display": "100", "missing_lines": 0, "excluded_lines": 0}, "missing_lines": [], "excluded_lines": []}}, "classes": {"": {"executed_lines": [1, 7, 9], "summary": {"covered_lines": 2, "num_statements": 2, "percent_covered": 100.0, "percent_covered_display": "100", "missing_lines": 0, "excluded_lines": 0}, "missing_lines": [], "excluded_lines": []}}}, "py3plex/algorithms/community_detection/NoRC.py": {"executed_lines": [1, 8, 9, 11, 12, 13, 14, 15, 16, 19, 21, 23, 28, 50, 71, 79, 208], "summary": {"covered_lines": 15, "num_statements": 116, "percent_covered": 12.931034482758621, "percent_covered_display": "13", "missing_lines": 101, "excluded_lines": 19}, "missing_lines": [31, 42, 43, 44, 45, 47, 51, 52, 53, 54, 56, 59, 61, 62, 64, 66, 68, 72, 73, 74, 75, 76, 91, 92, 96, 97, 98, 99, 100, 101, 102, 103, 104, 105, 106, 107, 108, 109, 110, 111, 112, 113, 116, 122, 123, 126, 127, 128, 129, 130, 131, 132, 133, 134, 135, 136, 137, 142, 143, 144, 145, 146, 147, 149, 153, 154, 159, 160, 161, 162, 163, 164, 165, 166, 167, 168, 173, 174, 175, 176, 177, 179, 181, 183, 184, 185, 186, 187, 188, 189, 190, 191, 192, 193, 199, 200, 201, 202, 203, 204, 205], "excluded_lines": [93, 94, 124, 125, 138, 139, 150, 151, 157, 158, 169, 170, 194, 195, 208, 222, 223, 224, 227], "functions": {"page_rank_kernel": {"executed_lines": [], "summary": {"covered_lines": 0, "num_statements": 6, "percent_covered": 0.0, "percent_covered_display": "0", "missing_lines": 6, "excluded_lines": 0}, "missing_lines": [31, 42, 43, 44, 45, 47], "excluded_lines": []}, "create_tree": {"executed_lines": [], "summary": {"covered_lines": 0, "num_statements": 11, "percent_covered": 0.0, "percent_covered_display": "0", "missing_lines": 11, "excluded_lines": 0}, "missing_lines": [51, 52, 53, 54, 56, 59, 61, 62, 64, 66, 68], "excluded_lines": []}, "sum": {"executed_lines": [], "summary": {"covered_lines": 0, "num_statements": 5, "percent_covered": 0.0, "percent_covered_display": "0", "missing_lines": 5, "excluded_lines": 0}, "missing_lines": [72, 73, 74, 75, 76], "excluded_lines": []}, "NoRC_communities_main": {"executed_lines": [], "summary": {"covered_lines": 0, "num_statements": 79, "percent_covered": 0.0, "percent_covered_display": "0", "missing_lines": 79, "excluded_lines": 14}, "missing_lines": [91, 92, 96, 97, 98, 99, 100, 101, 102, 103, 104, 105, 106, 107, 108, 109, 110, 111, 112, 113, 116, 122, 123, 126, 127, 128, 129, 130, 131, 132, 133, 134, 135, 136, 137, 142, 143, 144, 145, 146, 147, 149, 153, 154, 159, 160, 161, 162, 163, 164, 165, 166, 167, 168, 173, 174, 175, 176, 177, 179, 181, 183, 184, 185, 186, 187, 188, 189, 190, 191, 192, 193, 199, 200, 201, 202, 203, 204, 205], "excluded_lines": [93, 94, 124, 125, 138, 139, 150, 151, 157, 158, 169, 170, 194, 195]}, "": {"executed_lines": [1, 8, 9, 11, 12, 13, 14, 15, 16, 19, 21, 23, 28, 50, 71, 79, 208], "summary": {"covered_lines": 15, "num_statements": 15, "percent_covered": 100.0, "percent_covered_display": "100", "missing_lines": 0, "excluded_lines": 5}, "missing_lines": [], "excluded_lines": [208, 222, 223, 224, 227]}}, "classes": {"": {"executed_lines": [1, 8, 9, 11, 12, 13, 14, 15, 16, 19, 21, 23, 28, 50, 71, 79, 208], "summary": {"covered_lines": 15, "num_statements": 116, "percent_covered": 12.931034482758621, "percent_covered_display": "13", "missing_lines": 101, "excluded_lines": 19}, "missing_lines": [31, 42, 43, 44, 45, 47, 51, 52, 53, 54, 56, 59, 61, 62, 64, 66, 68, 72, 73, 74, 75, 76, 91, 92, 96, 97, 98, 99, 100, 101, 102, 103, 104, 105, 106, 107, 108, 109, 110, 111, 112, 113, 116, 122, 123, 126, 127, 128, 129, 130, 131, 132, 133, 134, 135, 136, 137, 142, 143, 144, 145, 146, 147, 149, 153, 154, 159, 160, 161, 162, 163, 164, 165, 166, 167, 168, 173, 174, 175, 176, 177, 179, 181, 183, 184, 185, 186, 187, 188, 189, 190, 191, 192, 193, 199, 200, 201, 202, 203, 204, 205], "excluded_lines": [93, 94, 124, 125, 138, 139, 150, 151, 157, 158, 169, 170, 194, 195, 208, 222, 223, 224, 227]}}}, "py3plex/algorithms/community_detection/__init__.py": {"executed_lines": [1, 10, 15, 21], "summary": {"covered_lines": 3, "num_statements": 3, "percent_covered": 100.0, "percent_covered_display": "100", "missing_lines": 0, "excluded_lines": 0}, "missing_lines": [], "excluded_lines": [], "functions": {"": {"executed_lines": [1, 10, 15, 21], "summary": {"covered_lines": 3, "num_statements": 3, "percent_covered": 100.0, "percent_covered_display": "100", "missing_lines": 0, "excluded_lines": 0}, "missing_lines": [], "excluded_lines": []}}, "classes": {"": {"executed_lines": [1, 10, 15, 21], "summary": {"covered_lines": 3, "num_statements": 3, "percent_covered": 100.0, "percent_covered_display": "100", "missing_lines": 0, "excluded_lines": 0}, "missing_lines": [], "excluded_lines": []}}}, "py3plex/algorithms/community_detection/community/__init__.py": {"executed_lines": [], "summary": {"covered_lines": 0, "num_statements": 1, "percent_covered": 0.0, "percent_covered_display": "0", "missing_lines": 1, "excluded_lines": 0}, "missing_lines": [17], "excluded_lines": [], "functions": {"": {"executed_lines": [], "summary": {"covered_lines": 0, "num_statements": 1, "percent_covered": 0.0, "percent_covered_display": "0", "missing_lines": 1, "excluded_lines": 0}, "missing_lines": [17], "excluded_lines": []}}, "classes": {"": {"executed_lines": [], "summary": {"covered_lines": 0, "num_statements": 1, "percent_covered": 0.0, "percent_covered_display": "0", "missing_lines": 1, "excluded_lines": 0}, "missing_lines": [17], "excluded_lines": []}}}, "py3plex/algorithms/community_detection/community/community_louvain.py": {"executed_lines": [], "summary": {"covered_lines": 0, "num_statements": 229, "percent_covered": 0.0, "percent_covered_display": "0", "missing_lines": 229, "excluded_lines": 0}, "missing_lines": [5, 6, 8, 13, 20, 21, 22, 23, 24, 26, 27, 28, 29, 30, 31, 32, 34, 35, 46, 48, 49, 50, 51, 52, 53, 55, 57, 58, 59, 60, 61, 62, 63, 64, 65, 66, 67, 68, 69, 70, 71, 72, 73, 74, 75, 76, 78, 79, 80, 81, 82, 83, 84, 85, 86, 87, 88, 89, 90, 91, 92, 94, 95, 98, 104, 105, 108, 147, 148, 149, 150, 151, 154, 193, 194, 196, 197, 198, 199, 200, 202, 203, 204, 205, 206, 207, 208, 209, 211, 213, 214, 215, 216, 219, 294, 295, 298, 358, 359, 363, 364, 365, 366, 367, 369, 370, 371, 372, 373, 374, 375, 376, 377, 378, 379, 381, 382, 383, 384, 385, 386, 387, 388, 389, 390, 391, 394, 429, 430, 432, 433, 434, 435, 436, 437, 439, 442, 444, 445, 446, 448, 449, 450, 451, 452, 453, 454, 455, 457, 460, 462, 464, 465, 466, 467, 468, 469, 470, 471, 472, 473, 474, 475, 476, 478, 479, 480, 481, 482, 484, 487, 490, 491, 492, 493, 494, 497, 499, 500, 501, 502, 504, 505, 506, 507, 509, 510, 511, 514, 515, 520, 521, 522, 523, 524, 529, 530, 531, 532, 533, 534, 535, 536, 537, 540, 545, 546, 547, 548, 549, 550, 552, 555, 557, 558, 561, 564, 566, 567, 568, 573, 578, 579, 580, 581, 582, 583, 584, 585], "excluded_lines": [], "functions": {"Status.__init__": {"executed_lines": [], "summary": {"covered_lines": 0, "num_statements": 6, "percent_covered": 0.0, "percent_covered_display": "0", "missing_lines": 6, "excluded_lines": 0}, "missing_lines": [27, 28, 29, 30, 31, 32], "excluded_lines": []}, "Status.__str__": {"executed_lines": [], "summary": {"covered_lines": 0, "num_statements": 1, "percent_covered": 0.0, "percent_covered_display": "0", "missing_lines": 1, "excluded_lines": 0}, "missing_lines": [35], "excluded_lines": []}, "Status.copy": {"executed_lines": [], "summary": {"covered_lines": 0, "num_statements": 6, "percent_covered": 0.0, "percent_covered_display": "0", "missing_lines": 6, "excluded_lines": 0}, "missing_lines": [48, 49, 50, 51, 52, 53], "excluded_lines": []}, "Status.init": {"executed_lines": [], "summary": {"covered_lines": 0, "num_statements": 37, "percent_covered": 0.0, "percent_covered_display": "0", "missing_lines": 37, "excluded_lines": 0}, "missing_lines": [57, 58, 59, 60, 61, 62, 63, 64, 65, 66, 67, 68, 69, 70, 71, 72, 73, 74, 75, 76, 78, 79, 80, 81, 82, 83, 84, 85, 86, 87, 88, 89, 90, 91, 92, 94, 95], "excluded_lines": []}, "partition_at_level": {"executed_lines": [], "summary": {"covered_lines": 0, "num_statements": 5, "percent_covered": 0.0, "percent_covered_display": "0", "missing_lines": 5, "excluded_lines": 0}, "missing_lines": [147, 148, 149, 150, 151], "excluded_lines": []}, "modularity": {"executed_lines": [], "summary": {"covered_lines": 0, "num_statements": 20, "percent_covered": 0.0, "percent_covered_display": "0", "missing_lines": 20, "excluded_lines": 0}, "missing_lines": [193, 194, 196, 197, 198, 199, 200, 202, 203, 204, 205, 206, 207, 208, 209, 211, 213, 214, 215, 216], "excluded_lines": []}, "best_partition": {"executed_lines": [], "summary": {"covered_lines": 0, "num_statements": 2, "percent_covered": 0.0, "percent_covered_display": "0", "missing_lines": 2, "excluded_lines": 0}, "missing_lines": [294, 295], "excluded_lines": []}, "generate_dendrogram": {"executed_lines": [], "summary": {"covered_lines": 0, "num_statements": 29, "percent_covered": 0.0, "percent_covered_display": "0", "missing_lines": 29, "excluded_lines": 0}, "missing_lines": [358, 359, 363, 364, 365, 366, 367, 369, 370, 371, 372, 373, 374, 375, 376, 377, 378, 379, 381, 382, 383, 384, 385, 386, 387, 388, 389, 390, 391], "excluded_lines": []}, "induced_graph": {"executed_lines": [], "summary": {"covered_lines": 0, "num_statements": 9, "percent_covered": 0.0, "percent_covered_display": "0", "missing_lines": 9, "excluded_lines": 0}, "missing_lines": [429, 430, 432, 433, 434, 435, 436, 437, 439], "excluded_lines": []}, "__renumber": {"executed_lines": [], "summary": {"covered_lines": 0, "num_statements": 12, "percent_covered": 0.0, "percent_covered_display": "0", "missing_lines": 12, "excluded_lines": 0}, "missing_lines": [444, 445, 446, 448, 449, 450, 451, 452, 453, 454, 455, 457], "excluded_lines": []}, "load_binary": {"executed_lines": [], "summary": {"covered_lines": 0, "num_statements": 20, "percent_covered": 0.0, "percent_covered_display": "0", "missing_lines": 20, "excluded_lines": 0}, "missing_lines": [462, 464, 465, 466, 467, 468, 469, 470, 471, 472, 473, 474, 475, 476, 478, 479, 480, 481, 482, 484], "excluded_lines": []}, "__randomly": {"executed_lines": [], "summary": {"covered_lines": 0, "num_statements": 5, "percent_covered": 0.0, "percent_covered_display": "0", "missing_lines": 5, "excluded_lines": 0}, "missing_lines": [490, 491, 492, 493, 494], "excluded_lines": []}, "__one_level": {"executed_lines": [], "summary": {"covered_lines": 0, "num_statements": 27, "percent_covered": 0.0, "percent_covered_display": "0", "missing_lines": 27, "excluded_lines": 0}, "missing_lines": [499, 500, 501, 502, 504, 505, 506, 507, 509, 510, 511, 514, 515, 520, 521, 522, 523, 524, 529, 530, 531, 532, 533, 534, 535, 536, 537], "excluded_lines": []}, "__neighcom": {"executed_lines": [], "summary": {"covered_lines": 0, "num_statements": 7, "percent_covered": 0.0, "percent_covered_display": "0", "missing_lines": 7, "excluded_lines": 0}, "missing_lines": [545, 546, 547, 548, 549, 550, 552], "excluded_lines": []}, "__remove": {"executed_lines": [], "summary": {"covered_lines": 0, "num_statements": 3, "percent_covered": 0.0, "percent_covered_display": "0", "missing_lines": 3, "excluded_lines": 0}, "missing_lines": [557, 558, 561], "excluded_lines": []}, "__insert": {"executed_lines": [], "summary": {"covered_lines": 0, "num_statements": 3, "percent_covered": 0.0, "percent_covered_display": "0", "missing_lines": 3, "excluded_lines": 0}, "missing_lines": [566, 567, 568], "excluded_lines": []}, "__modularity": {"executed_lines": [], "summary": {"covered_lines": 0, "num_statements": 8, "percent_covered": 0.0, "percent_covered_display": "0", "missing_lines": 8, "excluded_lines": 0}, "missing_lines": [578, 579, 580, 581, 582, 583, 584, 585], "excluded_lines": []}, "": {"executed_lines": [], "summary": {"covered_lines": 0, "num_statements": 29, "percent_covered": 0.0, "percent_covered_display": "0", "missing_lines": 29, "excluded_lines": 0}, "missing_lines": [5, 6, 8, 13, 20, 21, 22, 23, 24, 26, 34, 46, 55, 98, 104, 105, 108, 154, 219, 298, 394, 442, 460, 487, 497, 540, 555, 564, 573], "excluded_lines": []}}, "classes": {"Status": {"executed_lines": [], "summary": {"covered_lines": 0, "num_statements": 50, "percent_covered": 0.0, "percent_covered_display": "0", "missing_lines": 50, "excluded_lines": 0}, "missing_lines": [27, 28, 29, 30, 31, 32, 35, 48, 49, 50, 51, 52, 53, 57, 58, 59, 60, 61, 62, 63, 64, 65, 66, 67, 68, 69, 70, 71, 72, 73, 74, 75, 76, 78, 79, 80, 81, 82, 83, 84, 85, 86, 87, 88, 89, 90, 91, 92, 94, 95], "excluded_lines": []}, "": {"executed_lines": [], "summary": {"covered_lines": 0, "num_statements": 179, "percent_covered": 0.0, "percent_covered_display": "0", "missing_lines": 179, "excluded_lines": 0}, "missing_lines": [5, 6, 8, 13, 20, 21, 22, 23, 24, 26, 34, 46, 55, 98, 104, 105, 108, 147, 148, 149, 150, 151, 154, 193, 194, 196, 197, 198, 199, 200, 202, 203, 204, 205, 206, 207, 208, 209, 211, 213, 214, 215, 216, 219, 294, 295, 298, 358, 359, 363, 364, 365, 366, 367, 369, 370, 371, 372, 373, 374, 375, 376, 377, 378, 379, 381, 382, 383, 384, 385, 386, 387, 388, 389, 390, 391, 394, 429, 430, 432, 433, 434, 435, 436, 437, 439, 442, 444, 445, 446, 448, 449, 450, 451, 452, 453, 454, 455, 457, 460, 462, 464, 465, 466, 467, 468, 469, 470, 471, 472, 473, 474, 475, 476, 478, 479, 480, 481, 482, 484, 487, 490, 491, 492, 493, 494, 497, 499, 500, 501, 502, 504, 505, 506, 507, 509, 510, 511, 514, 515, 520, 521, 522, 523, 524, 529, 530, 531, 532, 533, 534, 535, 536, 537, 540, 545, 546, 547, 548, 549, 550, 552, 555, 557, 558, 561, 564, 566, 567, 568, 573, 578, 579, 580, 581, 582, 583, 584, 585], "excluded_lines": []}}}, "py3plex/algorithms/community_detection/community/community_status.py": {"executed_lines": [], "summary": {"covered_lines": 0, "num_statements": 60, "percent_covered": 0.0, "percent_covered_display": "0", "missing_lines": 60, "excluded_lines": 0}, "missing_lines": [1, 8, 9, 10, 11, 12, 14, 15, 16, 17, 18, 19, 20, 22, 23, 34, 36, 37, 38, 39, 40, 41, 43, 45, 46, 47, 48, 49, 50, 51, 52, 53, 54, 55, 56, 57, 58, 59, 60, 61, 62, 63, 64, 66, 67, 68, 69, 70, 71, 72, 73, 74, 75, 76, 77, 78, 79, 80, 82, 83], "excluded_lines": [], "functions": {"Status.__init__": {"executed_lines": [], "summary": {"covered_lines": 0, "num_statements": 6, "percent_covered": 0.0, "percent_covered_display": "0", "missing_lines": 6, "excluded_lines": 0}, "missing_lines": [15, 16, 17, 18, 19, 20], "excluded_lines": []}, "Status.__str__": {"executed_lines": [], "summary": {"covered_lines": 0, "num_statements": 1, "percent_covered": 0.0, "percent_covered_display": "0", "missing_lines": 1, "excluded_lines": 0}, "missing_lines": [23], "excluded_lines": []}, "Status.copy": {"executed_lines": [], "summary": {"covered_lines": 0, "num_statements": 6, "percent_covered": 0.0, "percent_covered_display": "0", "missing_lines": 6, "excluded_lines": 0}, "missing_lines": [36, 37, 38, 39, 40, 41], "excluded_lines": []}, "Status.init": {"executed_lines": [], "summary": {"covered_lines": 0, "num_statements": 37, "percent_covered": 0.0, "percent_covered_display": "0", "missing_lines": 37, "excluded_lines": 0}, "missing_lines": [45, 46, 47, 48, 49, 50, 51, 52, 53, 54, 55, 56, 57, 58, 59, 60, 61, 62, 63, 64, 66, 67, 68, 69, 70, 71, 72, 73, 74, 75, 76, 77, 78, 79, 80, 82, 83], "excluded_lines": []}, "": {"executed_lines": [], "summary": {"covered_lines": 0, "num_statements": 10, "percent_covered": 0.0, "percent_covered_display": "0", "missing_lines": 10, "excluded_lines": 0}, "missing_lines": [1, 8, 9, 10, 11, 12, 14, 22, 34, 43], "excluded_lines": []}}, "classes": {"Status": {"executed_lines": [], "summary": {"covered_lines": 0, "num_statements": 50, "percent_covered": 0.0, "percent_covered_display": "0", "missing_lines": 50, "excluded_lines": 0}, "missing_lines": [15, 16, 17, 18, 19, 20, 23, 36, 37, 38, 39, 40, 41, 45, 46, 47, 48, 49, 50, 51, 52, 53, 54, 55, 56, 57, 58, 59, 60, 61, 62, 63, 64, 66, 67, 68, 69, 70, 71, 72, 73, 74, 75, 76, 77, 78, 79, 80, 82, 83], "excluded_lines": []}, "": {"executed_lines": [], "summary": {"covered_lines": 0, "num_statements": 10, "percent_covered": 0.0, "percent_covered_display": "0", "missing_lines": 10, "excluded_lines": 0}, "missing_lines": [1, 8, 9, 10, 11, 12, 14, 22, 34, 43], "excluded_lines": []}}}, "py3plex/algorithms/community_detection/community_louvain.py": {"executed_lines": [1, 5, 6, 8, 13, 16, 17, 23, 24, 25, 26, 27, 29, 30, 31, 32, 33, 34, 35, 37, 49, 58, 60, 61, 62, 63, 64, 65, 66, 67, 68, 69, 70, 71, 74, 75, 76, 77, 78, 79, 101, 107, 108, 111, 150, 151, 152, 153, 154, 157, 222, 301, 302, 305, 370, 376, 382, 383, 384, 385, 386, 387, 388, 389, 390, 391, 392, 394, 395, 396, 397, 398, 399, 400, 401, 402, 403, 404, 407, 444, 445, 447, 448, 449, 450, 451, 452, 454, 457, 459, 460, 461, 463, 464, 465, 466, 467, 468, 469, 470, 472, 475, 502, 505, 509, 512, 514, 515, 516, 517, 519, 520, 521, 522, 524, 525, 526, 529, 530, 535, 536, 537, 538, 539, 544, 545, 546, 547, 548, 549, 550, 551, 552, 555, 560, 561, 562, 563, 564, 565, 567, 570, 572, 573, 576, 579, 581, 582, 583, 588, 593, 594, 595, 596, 597, 598, 599, 600], "summary": {"covered_lines": 156, "num_statements": 230, "percent_covered": 67.82608695652173, "percent_covered_display": "68", "missing_lines": 74, "excluded_lines": 0}, "missing_lines": [38, 51, 52, 53, 54, 55, 56, 72, 73, 81, 82, 83, 84, 85, 86, 87, 88, 89, 90, 91, 92, 93, 94, 95, 97, 98, 196, 197, 199, 200, 201, 202, 203, 205, 206, 207, 208, 209, 210, 211, 212, 214, 216, 217, 218, 219, 371, 377, 378, 379, 380, 477, 479, 480, 481, 482, 483, 484, 485, 486, 487, 488, 489, 490, 491, 493, 494, 495, 496, 497, 499, 506, 507, 508], "excluded_lines": [], "functions": {"Status.__init__": {"executed_lines": [30, 31, 32, 33, 34, 35], "summary": {"covered_lines": 6, "num_statements": 6, "percent_covered": 100.0, "percent_covered_display": "100", "missing_lines": 0, "excluded_lines": 0}, "missing_lines": [], "excluded_lines": []}, "Status.__str__": {"executed_lines": [], "summary": {"covered_lines": 0, "num_statements": 1, "percent_covered": 0.0, "percent_covered_display": "0", "missing_lines": 1, "excluded_lines": 0}, "missing_lines": [38], "excluded_lines": []}, "Status.copy": {"executed_lines": [], "summary": {"covered_lines": 0, "num_statements": 6, "percent_covered": 0.0, "percent_covered_display": "0", "missing_lines": 6, "excluded_lines": 0}, "missing_lines": [51, 52, 53, 54, 55, 56], "excluded_lines": []}, "Status.init": {"executed_lines": [60, 61, 62, 63, 64, 65, 66, 67, 68, 69, 70, 71, 74, 75, 76, 77, 78, 79], "summary": {"covered_lines": 18, "num_statements": 37, "percent_covered": 48.648648648648646, "percent_covered_display": "49", "missing_lines": 19, "excluded_lines": 0}, "missing_lines": [72, 73, 81, 82, 83, 84, 85, 86, 87, 88, 89, 90, 91, 92, 93, 94, 95, 97, 98], "excluded_lines": []}, "partition_at_level": {"executed_lines": [150, 151, 152, 153, 154], "summary": {"covered_lines": 5, "num_statements": 5, "percent_covered": 100.0, "percent_covered_display": "100", "missing_lines": 0, "excluded_lines": 0}, "missing_lines": [], "excluded_lines": []}, "modularity": {"executed_lines": [], "summary": {"covered_lines": 0, "num_statements": 20, "percent_covered": 0.0, "percent_covered_display": "0", "missing_lines": 20, "excluded_lines": 0}, "missing_lines": [196, 197, 199, 200, 201, 202, 203, 205, 206, 207, 208, 209, 210, 211, 212, 214, 216, 217, 218, 219], "excluded_lines": []}, "best_partition": {"executed_lines": [301, 302], "summary": {"covered_lines": 2, "num_statements": 2, "percent_covered": 100.0, "percent_covered_display": "100", "missing_lines": 0, "excluded_lines": 0}, "missing_lines": [], "excluded_lines": []}, "generate_dendrogram": {"executed_lines": [370, 376, 382, 383, 384, 385, 386, 387, 388, 389, 390, 391, 392, 394, 395, 396, 397, 398, 399, 400, 401, 402, 403, 404], "summary": {"covered_lines": 24, "num_statements": 29, "percent_covered": 82.75862068965517, "percent_covered_display": "83", "missing_lines": 5, "excluded_lines": 0}, "missing_lines": [371, 377, 378, 379, 380], "excluded_lines": []}, "induced_graph": {"executed_lines": [444, 445, 447, 448, 449, 450, 451, 452, 454], "summary": {"covered_lines": 9, "num_statements": 9, "percent_covered": 100.0, "percent_covered_display": "100", "missing_lines": 0, "excluded_lines": 0}, "missing_lines": [], "excluded_lines": []}, "__renumber": {"executed_lines": [459, 460, 461, 463, 464, 465, 466, 467, 468, 469, 470, 472], "summary": {"covered_lines": 12, "num_statements": 12, "percent_covered": 100.0, "percent_covered_display": "100", "missing_lines": 0, "excluded_lines": 0}, "missing_lines": [], "excluded_lines": []}, "load_binary": {"executed_lines": [], "summary": {"covered_lines": 0, "num_statements": 20, "percent_covered": 0.0, "percent_covered_display": "0", "missing_lines": 20, "excluded_lines": 0}, "missing_lines": [477, 479, 480, 481, 482, 483, 484, 485, 486, 487, 488, 489, 490, 491, 493, 494, 495, 496, 497, 499], "excluded_lines": []}, "__randomly": {"executed_lines": [505, 509], "summary": {"covered_lines": 2, "num_statements": 5, "percent_covered": 40.0, "percent_covered_display": "40", "missing_lines": 3, "excluded_lines": 0}, "missing_lines": [506, 507, 508], "excluded_lines": []}, "__one_level": {"executed_lines": [514, 515, 516, 517, 519, 520, 521, 522, 524, 525, 526, 529, 530, 535, 536, 537, 538, 539, 544, 545, 546, 547, 548, 549, 550, 551, 552], "summary": {"covered_lines": 27, "num_statements": 27, "percent_covered": 100.0, "percent_covered_display": "100", "missing_lines": 0, "excluded_lines": 0}, "missing_lines": [], "excluded_lines": []}, "__neighcom": {"executed_lines": [560, 561, 562, 563, 564, 565, 567], "summary": {"covered_lines": 7, "num_statements": 7, "percent_covered": 100.0, "percent_covered_display": "100", "missing_lines": 0, "excluded_lines": 0}, "missing_lines": [], "excluded_lines": []}, "__remove": {"executed_lines": [572, 573, 576], "summary": {"covered_lines": 3, "num_statements": 3, "percent_covered": 100.0, "percent_covered_display": "100", "missing_lines": 0, "excluded_lines": 0}, "missing_lines": [], "excluded_lines": []}, "__insert": {"executed_lines": [581, 582, 583], "summary": {"covered_lines": 3, "num_statements": 3, "percent_covered": 100.0, "percent_covered_display": "100", "missing_lines": 0, "excluded_lines": 0}, "missing_lines": [], "excluded_lines": []}, "__modularity": {"executed_lines": [593, 594, 595, 596, 597, 598, 599, 600], "summary": {"covered_lines": 8, "num_statements": 8, "percent_covered": 100.0, "percent_covered_display": "100", "missing_lines": 0, "excluded_lines": 0}, "missing_lines": [], "excluded_lines": []}, "": {"executed_lines": [1, 5, 6, 8, 13, 16, 17, 23, 24, 25, 26, 27, 29, 37, 49, 58, 101, 107, 108, 111, 157, 222, 305, 407, 457, 475, 502, 512, 555, 570, 579, 588], "summary": {"covered_lines": 30, "num_statements": 30, "percent_covered": 100.0, "percent_covered_display": "100", "missing_lines": 0, "excluded_lines": 0}, "missing_lines": [], "excluded_lines": []}}, "classes": {"Status": {"executed_lines": [30, 31, 32, 33, 34, 35, 60, 61, 62, 63, 64, 65, 66, 67, 68, 69, 70, 71, 74, 75, 76, 77, 78, 79], "summary": {"covered_lines": 24, "num_statements": 50, "percent_covered": 48.0, "percent_covered_display": "48", "missing_lines": 26, "excluded_lines": 0}, "missing_lines": [38, 51, 52, 53, 54, 55, 56, 72, 73, 81, 82, 83, 84, 85, 86, 87, 88, 89, 90, 91, 92, 93, 94, 95, 97, 98], "excluded_lines": []}, "": {"executed_lines": [1, 5, 6, 8, 13, 16, 17, 23, 24, 25, 26, 27, 29, 37, 49, 58, 101, 107, 108, 111, 150, 151, 152, 153, 154, 157, 222, 301, 302, 305, 370, 376, 382, 383, 384, 385, 386, 387, 388, 389, 390, 391, 392, 394, 395, 396, 397, 398, 399, 400, 401, 402, 403, 404, 407, 444, 445, 447, 448, 449, 450, 451, 452, 454, 457, 459, 460, 461, 463, 464, 465, 466, 467, 468, 469, 470, 472, 475, 502, 505, 509, 512, 514, 515, 516, 517, 519, 520, 521, 522, 524, 525, 526, 529, 530, 535, 536, 537, 538, 539, 544, 545, 546, 547, 548, 549, 550, 551, 552, 555, 560, 561, 562, 563, 564, 565, 567, 570, 572, 573, 576, 579, 581, 582, 583, 588, 593, 594, 595, 596, 597, 598, 599, 600], "summary": {"covered_lines": 132, "num_statements": 180, "percent_covered": 73.33333333333333, "percent_covered_display": "73", "missing_lines": 48, "excluded_lines": 0}, "missing_lines": [196, 197, 199, 200, 201, 202, 203, 205, 206, 207, 208, 209, 210, 211, 212, 214, 216, 217, 218, 219, 371, 377, 378, 379, 380, 477, 479, 480, 481, 482, 483, 484, 485, 486, 487, 488, 489, 490, 491, 493, 494, 495, 496, 497, 499, 506, 507, 508], "excluded_lines": []}}}, "py3plex/algorithms/community_detection/community_measures.py": {"executed_lines": [], "summary": {"covered_lines": 0, "num_statements": 33, "percent_covered": 0.0, "percent_covered_display": "0", "missing_lines": 33, "excluded_lines": 0}, "missing_lines": [9, 10, 12, 13, 16, 31, 32, 33, 34, 35, 36, 37, 38, 40, 41, 42, 44, 45, 46, 47, 49, 50, 51, 53, 54, 55, 57, 60, 63, 73, 74, 77, 87], "excluded_lines": [], "functions": {"modularity": {"executed_lines": [], "summary": {"covered_lines": 0, "num_statements": 14, "percent_covered": 0.0, "percent_covered_display": "0", "missing_lines": 14, "excluded_lines": 0}, "missing_lines": [31, 32, 33, 34, 35, 36, 37, 38, 40, 41, 42, 44, 57, 60], "excluded_lines": []}, "modularity.val": {"executed_lines": [], "summary": {"covered_lines": 0, "num_statements": 9, "percent_covered": 0.0, "percent_covered_display": "0", "missing_lines": 9, "excluded_lines": 0}, "missing_lines": [45, 46, 47, 49, 50, 51, 53, 54, 55], "excluded_lines": []}, "size_distribution": {"executed_lines": [], "summary": {"covered_lines": 0, "num_statements": 2, "percent_covered": 0.0, "percent_covered_display": "0", "missing_lines": 2, "excluded_lines": 0}, "missing_lines": [73, 74], "excluded_lines": []}, "number_of_communities": {"executed_lines": [], "summary": {"covered_lines": 0, "num_statements": 1, "percent_covered": 0.0, "percent_covered_display": "0", "missing_lines": 1, "excluded_lines": 0}, "missing_lines": [87], "excluded_lines": []}, "": {"executed_lines": [], "summary": {"covered_lines": 0, "num_statements": 7, "percent_covered": 0.0, "percent_covered_display": "0", "missing_lines": 7, "excluded_lines": 0}, "missing_lines": [9, 10, 12, 13, 16, 63, 77], "excluded_lines": []}}, "classes": {"": {"executed_lines": [], "summary": {"covered_lines": 0, "num_statements": 33, "percent_covered": 0.0, "percent_covered_display": "0", "missing_lines": 33, "excluded_lines": 0}, "missing_lines": [9, 10, 12, 13, 16, 31, 32, 33, 34, 35, 36, 37, 38, 40, 41, 42, 44, 45, 46, 47, 49, 50, 51, 53, 54, 55, 57, 60, 63, 73, 74, 77, 87], "excluded_lines": []}}}, "py3plex/algorithms/community_detection/community_ranking.py": {"executed_lines": [1, 8, 9, 11, 12, 14, 19, 21, 23, 28, 50, 73, 92], "summary": {"covered_lines": 11, "num_statements": 39, "percent_covered": 28.205128205128204, "percent_covered_display": "28", "missing_lines": 28, "excluded_lines": 65}, "missing_lines": [31, 42, 43, 44, 45, 47, 51, 52, 53, 56, 58, 61, 63, 64, 66, 68, 70, 75, 78, 79, 80, 81, 82, 85, 86, 87, 88, 89], "excluded_lines": [92, 93, 95, 96, 97, 98, 99, 101, 103, 105, 106, 107, 108, 110, 113, 114, 115, 116, 117, 118, 119, 121, 122, 123, 124, 126, 127, 128, 129, 130, 132, 133, 134, 135, 136, 137, 138, 139, 140, 141, 142, 143, 145, 146, 147, 148, 149, 150, 151, 152, 153, 154, 155, 156, 157, 158, 159, 161, 164, 165, 166, 167, 168, 170, 171], "functions": {"page_rank_kernel": {"executed_lines": [], "summary": {"covered_lines": 0, "num_statements": 6, "percent_covered": 0.0, "percent_covered_display": "0", "missing_lines": 6, "excluded_lines": 0}, "missing_lines": [31, 42, 43, 44, 45, 47], "excluded_lines": []}, "create_tree": {"executed_lines": [], "summary": {"covered_lines": 0, "num_statements": 11, "percent_covered": 0.0, "percent_covered_display": "0", "missing_lines": 11, "excluded_lines": 0}, "missing_lines": [51, 52, 53, 56, 58, 61, 63, 64, 66, 68, 70], "excluded_lines": []}, "return_infomap_communities": {"executed_lines": [], "summary": {"covered_lines": 0, "num_statements": 11, "percent_covered": 0.0, "percent_covered_display": "0", "missing_lines": 11, "excluded_lines": 0}, "missing_lines": [75, 78, 79, 80, 81, 82, 85, 86, 87, 88, 89], "excluded_lines": []}, "": {"executed_lines": [1, 8, 9, 11, 12, 14, 19, 21, 23, 28, 50, 73, 92], "summary": {"covered_lines": 11, "num_statements": 11, "percent_covered": 100.0, "percent_covered_display": "100", "missing_lines": 0, "excluded_lines": 65}, "missing_lines": [], "excluded_lines": [92, 93, 95, 96, 97, 98, 99, 101, 103, 105, 106, 107, 108, 110, 113, 114, 115, 116, 117, 118, 119, 121, 122, 123, 124, 126, 127, 128, 129, 130, 132, 133, 134, 135, 136, 137, 138, 139, 140, 141, 142, 143, 145, 146, 147, 148, 149, 150, 151, 152, 153, 154, 155, 156, 157, 158, 159, 161, 164, 165, 166, 167, 168, 170, 171]}}, "classes": {"": {"executed_lines": [1, 8, 9, 11, 12, 14, 19, 21, 23, 28, 50, 73, 92], "summary": {"covered_lines": 11, "num_statements": 39, "percent_covered": 28.205128205128204, "percent_covered_display": "28", "missing_lines": 28, "excluded_lines": 65}, "missing_lines": [31, 42, 43, 44, 45, 47, 51, 52, 53, 56, 58, 61, 63, 64, 66, 68, 70, 75, 78, 79, 80, 81, 82, 85, 86, 87, 88, 89], "excluded_lines": [92, 93, 95, 96, 97, 98, 99, 101, 103, 105, 106, 107, 108, 110, 113, 114, 115, 116, 117, 118, 119, 121, 122, 123, 124, 126, 127, 128, 129, 130, 132, 133, 134, 135, 136, 137, 138, 139, 140, 141, 142, 143, 145, 146, 147, 148, 149, 150, 151, 152, 153, 154, 155, 156, 157, 158, 159, 161, 164, 165, 166, 167, 168, 170, 171]}}}, "py3plex/algorithms/community_detection/community_wrapper.py": {"executed_lines": [2, 3, 5, 7, 9, 10, 15, 106, 198, 214, 216, 217, 218, 222, 223, 225, 226, 231, 234], "summary": {"covered_lines": 19, "num_statements": 85, "percent_covered": 22.352941176470587, "percent_covered_display": "22", "missing_lines": 66, "excluded_lines": 11}, "missing_lines": [11, 12, 25, 26, 29, 30, 38, 39, 45, 48, 74, 75, 83, 85, 86, 94, 96, 103, 149, 152, 154, 155, 156, 159, 163, 173, 176, 177, 179, 180, 182, 184, 185, 187, 188, 190, 191, 192, 193, 200, 201, 202, 203, 204, 205, 206, 207, 208, 209, 211, 219, 220, 227, 228, 229, 230, 245, 246, 247, 248, 249, 250, 252, 262, 264, 266], "excluded_lines": [50, 51, 52, 59, 60, 61, 62, 69, 70, 71, 72], "functions": {"run_infomap": {"executed_lines": [], "summary": {"covered_lines": 0, "num_statements": 16, "percent_covered": 0.0, "percent_covered_display": "0", "missing_lines": 16, "excluded_lines": 11}, "missing_lines": [25, 26, 29, 30, 38, 39, 45, 48, 74, 75, 83, 85, 86, 94, 96, 103], "excluded_lines": [50, 51, 52, 59, 60, 61, 62, 69, 70, 71, 72]}, "infomap_communities": {"executed_lines": [], "summary": {"covered_lines": 0, "num_statements": 21, "percent_covered": 0.0, "percent_covered_display": "0", "missing_lines": 21, "excluded_lines": 0}, "missing_lines": [149, 152, 154, 155, 156, 159, 163, 173, 176, 177, 179, 180, 182, 184, 185, 187, 188, 190, 191, 192, 193], "excluded_lines": []}, "parse_infomap": {"executed_lines": [], "summary": {"covered_lines": 0, "num_statements": 11, "percent_covered": 0.0, "percent_covered_display": "0", "missing_lines": 11, "excluded_lines": 0}, "missing_lines": [200, 201, 202, 203, 204, 205, 206, 207, 208, 209, 211], "excluded_lines": []}, "louvain_communities": {"executed_lines": [216, 217, 218, 222, 223, 225, 226, 231], "summary": {"covered_lines": 8, "num_statements": 14, "percent_covered": 57.142857142857146, "percent_covered_display": "57", "missing_lines": 6, "excluded_lines": 0}, "missing_lines": [219, 220, 227, 228, 229, 230], "excluded_lines": []}, "NoRC_communities": {"executed_lines": [], "summary": {"covered_lines": 0, "num_statements": 10, "percent_covered": 0.0, "percent_covered_display": "0", "missing_lines": 10, "excluded_lines": 0}, "missing_lines": [245, 246, 247, 248, 249, 250, 252, 262, 264, 266], "excluded_lines": []}, "": {"executed_lines": [2, 3, 5, 7, 9, 10, 15, 106, 198, 214, 234], "summary": {"covered_lines": 11, "num_statements": 13, "percent_covered": 84.61538461538461, "percent_covered_display": "85", "missing_lines": 2, "excluded_lines": 0}, "missing_lines": [11, 12], "excluded_lines": []}}, "classes": {"": {"executed_lines": [2, 3, 5, 7, 9, 10, 15, 106, 198, 214, 216, 217, 218, 222, 223, 225, 226, 231, 234], "summary": {"covered_lines": 19, "num_statements": 85, "percent_covered": 22.352941176470587, "percent_covered_display": "22", "missing_lines": 66, "excluded_lines": 11}, "missing_lines": [11, 12, 25, 26, 29, 30, 38, 39, 45, 48, 74, 75, 83, 85, 86, 94, 96, 103, 149, 152, 154, 155, 156, 159, 163, 173, 176, 177, 179, 180, 182, 184, 185, 187, 188, 190, 191, 192, 193, 200, 201, 202, 203, 204, 205, 206, 207, 208, 209, 211, 219, 220, 227, 228, 229, 230, 245, 246, 247, 248, 249, 250, 252, 262, 264, 266], "excluded_lines": [50, 51, 52, 59, 60, 61, 62, 69, 70, 71, 72]}}}, "py3plex/algorithms/community_detection/infomap/__init__.py": {"executed_lines": [], "summary": {"covered_lines": 0, "num_statements": 0, "percent_covered": 100.0, "percent_covered_display": "100", "missing_lines": 0, "excluded_lines": 0}, "missing_lines": [], "excluded_lines": [], "functions": {"": {"executed_lines": [], "summary": {"covered_lines": 0, "num_statements": 0, "percent_covered": 100.0, "percent_covered_display": "100", "missing_lines": 0, "excluded_lines": 0}, "missing_lines": [], "excluded_lines": []}}, "classes": {"": {"executed_lines": [], "summary": {"covered_lines": 0, "num_statements": 0, "percent_covered": 100.0, "percent_covered_display": "100", "missing_lines": 0, "excluded_lines": 0}, "missing_lines": [], "excluded_lines": []}}}, "py3plex/algorithms/community_detection/infomap/infomap.py": {"executed_lines": [], "summary": {"covered_lines": 0, "num_statements": 1916, "percent_covered": 0.0, "percent_covered_display": "0", "missing_lines": 1916, "excluded_lines": 0}, "missing_lines": [7, 10, 11, 12, 14, 15, 16, 17, 18, 20, 21, 22, 23, 25, 26, 29, 30, 31, 32, 33, 34, 35, 38, 39, 40, 41, 42, 43, 44, 45, 46, 47, 48, 49, 50, 52, 54, 57, 58, 61, 62, 63, 64, 65, 66, 67, 68, 70, 73, 74, 77, 78, 79, 80, 81, 82, 85, 86, 87, 88, 90, 91, 93, 96, 97, 99, 100, 102, 104, 105, 107, 108, 110, 111, 113, 114, 116, 117, 119, 120, 122, 123, 125, 126, 128, 129, 131, 132, 134, 135, 137, 138, 140, 141, 143, 144, 146, 147, 149, 150, 152, 153, 155, 156, 158, 159, 161, 162, 164, 165, 168, 169, 172, 173, 175, 176, 178, 180, 181, 183, 185, 186, 188, 189, 191, 192, 194, 195, 197, 198, 200, 201, 203, 204, 206, 207, 209, 210, 212, 213, 215, 216, 218, 219, 221, 222, 224, 225, 227, 228, 230, 231, 233, 234, 236, 237, 239, 240, 242, 243, 245, 246, 248, 249, 251, 252, 254, 255, 257, 258, 259, 260, 261, 262, 264, 265, 267, 268, 270, 271, 273, 274, 276, 277, 279, 280, 282, 283, 285, 286, 288, 290, 291, 294, 295, 298, 299, 301, 302, 304, 306, 307, 309, 311, 312, 314, 315, 317, 318, 320, 321, 323, 324, 326, 327, 329, 330, 332, 333, 335, 336, 338, 339, 341, 342, 344, 345, 347, 348, 350, 351, 353, 354, 356, 357, 359, 360, 362, 363, 365, 366, 368, 369, 371, 372, 373, 374, 375, 376, 378, 379, 381, 382, 384, 385, 387, 388, 390, 391, 393, 394, 396, 397, 399, 400, 402, 403, 405, 406, 408, 409, 411, 412, 414, 415, 417, 418, 420, 422, 423, 426, 427, 430, 431, 433, 434, 436, 438, 439, 441, 443, 444, 446, 447, 449, 450, 452, 453, 455, 456, 458, 459, 461, 462, 464, 465, 467, 468, 470, 471, 473, 474, 476, 477, 479, 480, 482, 483, 485, 486, 488, 489, 491, 492, 494, 495, 497, 498, 500, 501, 503, 504, 506, 507, 509, 510, 512, 513, 515, 516, 517, 518, 519, 520, 522, 523, 525, 526, 528, 529, 531, 532, 534, 535, 537, 538, 540, 541, 543, 544, 546, 548, 549, 552, 553, 556, 557, 560, 563, 564, 567, 570, 571, 573, 574, 576, 578, 579, 581, 583, 584, 585, 586, 587, 588, 590, 591, 593, 594, 596, 597, 599, 600, 602, 603, 604, 605, 608, 609, 610, 611, 614, 615, 616, 617, 618, 620, 621, 624, 625, 628, 629, 631, 632, 634, 636, 637, 639, 641, 642, 643, 644, 645, 646, 648, 649, 651, 652, 654, 655, 659, 660, 664, 665, 667, 668, 669, 670, 673, 674, 675, 676, 679, 680, 681, 682, 685, 687, 688, 691, 692, 695, 696, 698, 699, 701, 703, 704, 706, 707, 708, 709, 711, 712, 713, 714, 715, 716, 718, 720, 721, 723, 724, 726, 727, 729, 730, 732, 733, 736, 737, 740, 741, 743, 744, 746, 748, 749, 751, 753, 754, 755, 756, 757, 758, 760, 762, 763, 765, 766, 769, 770, 773, 774, 776, 777, 779, 781, 782, 784, 786, 787, 788, 789, 790, 791, 793, 794, 796, 797, 799, 800, 802, 803, 805, 806, 808, 809, 811, 812, 814, 815, 817, 818, 820, 821, 823, 824, 826, 827, 829, 830, 832, 833, 835, 836, 838, 839, 841, 842, 844, 845, 847, 848, 850, 851, 852, 853, 856, 857, 858, 859, 862, 863, 864, 865, 868, 869, 870, 871, 874, 875, 876, 877, 880, 881, 882, 883, 886, 889, 892, 893, 897, 900, 903, 904, 908, 909, 910, 911, 914, 915, 916, 917, 920, 923, 926, 927, 931, 934, 937, 938, 942, 943, 944, 945, 948, 949, 950, 951, 954, 957, 960, 961, 965, 966, 967, 968, 971, 972, 973, 974, 977, 978, 979, 980, 984, 985, 986, 987, 990, 991, 992, 993, 996, 997, 998, 999, 1002, 1003, 1004, 1005, 1008, 1009, 1010, 1011, 1014, 1015, 1016, 1017, 1020, 1021, 1022, 1023, 1024, 1027, 1030, 1031, 1035, 1036, 1037, 1038, 1041, 1044, 1047, 1048, 1052, 1055, 1058, 1059, 1063, 1064, 1065, 1066, 1069, 1070, 1071, 1072, 1076, 1079, 1082, 1083, 1087, 1088, 1089, 1090, 1094, 1097, 1100, 1101, 1105, 1108, 1111, 1112, 1116, 1117, 1118, 1119, 1123, 1126, 1129, 1130, 1134, 1135, 1136, 1137, 1140, 1143, 1146, 1147, 1151, 1154, 1157, 1158, 1162, 1165, 1168, 1169, 1173, 1174, 1175, 1176, 1179, 1182, 1185, 1186, 1190, 1191, 1192, 1193, 1197, 1200, 1203, 1204, 1208, 1211, 1214, 1215, 1219, 1222, 1225, 1226, 1230, 1231, 1232, 1233, 1236, 1239, 1242, 1243, 1247, 1248, 1249, 1250, 1254, 1255, 1256, 1257, 1260, 1263, 1266, 1267, 1271, 1274, 1277, 1278, 1282, 1283, 1284, 1285, 1288, 1289, 1290, 1291, 1294, 1297, 1300, 1301, 1305, 1306, 1307, 1308, 1311, 1312, 1313, 1314, 1317, 1318, 1319, 1320, 1323, 1324, 1325, 1326, 1329, 1330, 1331, 1332, 1335, 1336, 1337, 1338, 1341, 1342, 1343, 1344, 1347, 1348, 1349, 1350, 1353, 1354, 1355, 1356, 1359, 1360, 1361, 1362, 1366, 1367, 1368, 1369, 1372, 1373, 1374, 1375, 1378, 1379, 1380, 1381, 1384, 1385, 1386, 1387, 1390, 1393, 1396, 1397, 1401, 1402, 1403, 1404, 1405, 1406, 1407, 1408, 1411, 1412, 1413, 1414, 1418, 1419, 1420, 1421, 1424, 1425, 1426, 1427, 1431, 1434, 1437, 1438, 1442, 1443, 1444, 1445, 1448, 1449, 1450, 1451, 1454, 1456, 1457, 1460, 1461, 1464, 1465, 1467, 1468, 1470, 1472, 1473, 1475, 1477, 1478, 1479, 1480, 1481, 1482, 1484, 1486, 1487, 1489, 1490, 1492, 1493, 1495, 1496, 1498, 1499, 1501, 1502, 1504, 1505, 1507, 1508, 1510, 1511, 1515, 1516, 1518, 1519, 1521, 1522, 1524, 1525, 1527, 1528, 1530, 1531, 1533, 1534, 1536, 1537, 1539, 1540, 1542, 1543, 1545, 1546, 1548, 1549, 1551, 1552, 1554, 1555, 1557, 1558, 1560, 1561, 1563, 1564, 1566, 1567, 1569, 1570, 1572, 1573, 1575, 1576, 1578, 1579, 1581, 1582, 1585, 1586, 1589, 1590, 1592, 1593, 1595, 1597, 1598, 1600, 1601, 1602, 1603, 1604, 1605, 1606, 1607, 1608, 1610, 1611, 1612, 1613, 1614, 1615, 1617, 1618, 1620, 1622, 1623, 1626, 1627, 1630, 1631, 1633, 1634, 1636, 1638, 1639, 1641, 1642, 1643, 1644, 1645, 1649, 1650, 1651, 1652, 1655, 1656, 1657, 1658, 1662, 1663, 1664, 1665, 1666, 1667, 1669, 1670, 1672, 1674, 1675, 1678, 1679, 1682, 1683, 1685, 1686, 1688, 1690, 1691, 1693, 1694, 1695, 1696, 1697, 1699, 1700, 1701, 1702, 1703, 1704, 1706, 1707, 1709, 1711, 1712, 1715, 1716, 1719, 1720, 1722, 1723, 1725, 1727, 1728, 1730, 1732, 1733, 1734, 1735, 1736, 1737, 1739, 1741, 1742, 1744, 1745, 1747, 1748, 1750, 1751, 1752, 1753, 1754, 1755, 1756, 1757, 1758, 1759, 1760, 1761, 1764, 1765, 1768, 1769, 1771, 1772, 1774, 1776, 1777, 1779, 1781, 1782, 1783, 1784, 1785, 1786, 1788, 1789, 1790, 1791, 1792, 1793, 1794, 1795, 1796, 1797, 1798, 1799, 1800, 1802, 1803, 1806, 1807, 1810, 1811, 1813, 1814, 1816, 1818, 1819, 1821, 1823, 1824, 1825, 1826, 1827, 1828, 1830, 1831, 1833, 1834, 1836, 1837, 1839, 1842, 1845, 1846, 1850, 1851, 1852, 1853, 1857, 1860, 1863, 1864, 1868, 1869, 1870, 1871, 1875, 1878, 1881, 1882, 1886, 1887, 1888, 1889, 1893, 1896, 1899, 1900, 1904, 1906, 1907, 1910, 1911, 1914, 1915, 1916, 1917, 1919, 1920, 1922, 1923, 1924, 1926, 1927, 1929, 1931, 1932, 1933, 1934, 1935, 1936, 1938, 1940, 1941, 1943, 1944, 1946, 1947, 1949, 1950, 1952, 1953, 1955, 1956, 1958, 1959, 1961, 1962, 1964, 1965, 1967, 1968, 1970, 1971, 1973, 1974, 1976, 1977, 1979, 1980, 1982, 1983, 1985, 1986, 1988, 1989, 1991, 1992, 1994, 1995, 1998, 1999, 2002, 2003, 2004, 2005, 2007, 2008, 2010, 2011, 2012, 2014, 2015, 2017, 2019, 2020, 2021, 2022, 2023, 2024, 2026, 2028, 2029, 2031, 2032, 2034, 2035, 2037, 2038, 2042, 2043, 2046, 2047, 2049, 2050, 2052, 2053, 2055, 2056, 2059, 2060, 2062, 2063, 2065, 2067, 2068, 2070, 2072, 2073, 2074, 2075, 2076, 2077, 2079, 2080, 2081, 2082, 2083, 2084, 2085, 2086, 2089, 2090, 2091, 2092, 2095, 2096, 2097, 2098, 2101, 2102, 2103, 2104, 2107, 2108, 2109, 2110, 2113, 2114, 2115, 2116, 2120, 2121, 2122, 2123, 2124, 2126, 2127, 2130, 2131, 2134, 2135, 2137, 2138, 2140, 2142, 2143, 2145, 2147, 2148, 2149, 2150, 2151, 2152, 2154, 2155, 2156, 2157, 2160, 2161, 2162, 2163, 2166, 2167, 2168, 2169, 2170, 2172, 2173, 2176, 2177, 2180, 2181, 2183, 2184, 2186, 2188, 2189, 2191, 2193, 2194, 2196, 2197, 2198, 2199, 2200, 2201, 2203, 2205, 2206, 2209, 2210, 2213, 2214, 2216, 2217, 2219, 2221, 2222, 2224, 2226, 2227, 2228, 2229, 2230, 2231, 2233, 2235, 2236, 2238, 2239, 2241, 2242, 2244, 2245, 2247, 2248, 2250, 2251, 2253, 2254, 2255, 2256, 2257, 2258, 2259, 2260, 2261, 2262, 2263, 2264, 2267, 2268, 2269, 2270, 2273, 2274, 2275, 2276, 2279, 2280, 2281, 2282, 2283, 2284, 2285, 2286, 2289, 2290, 2291, 2292, 2293, 2294, 2295, 2296, 2299, 2300, 2301, 2302, 2305, 2306, 2307, 2308, 2309, 2310, 2311, 2312, 2315, 2316, 2317, 2318, 2321, 2322, 2323, 2324, 2328, 2329, 2331, 2332, 2334, 2335, 2337, 2338, 2340, 2341, 2343, 2344, 2346, 2347, 2349, 2350, 2352, 2353, 2355, 2356, 2361, 2362, 2365, 2366, 2368, 2369, 2371, 2373, 2374, 2376, 2378, 2379, 2380, 2381, 2382, 2383, 2385, 2386, 2388, 2389, 2391, 2392, 2394, 2395, 2397, 2398, 2400, 2401, 2403, 2404, 2406, 2407, 2409, 2410, 2412, 2413, 2414, 2416, 2417, 2418, 2420, 2422, 2423, 2425, 2427, 2428, 2430, 2432, 2433, 2435, 2436, 2438, 2439, 2441, 2442, 2444, 2445, 2447, 2448, 2450, 2451, 2452, 2453, 2456, 2457, 2458, 2459, 2462, 2463, 2464, 2465, 2468, 2469, 2470, 2471, 2474, 2475, 2476, 2477, 2480, 2483, 2486, 2487, 2491, 2492, 2493, 2494, 2495, 2496, 2497, 2498, 2501, 2502, 2503, 2504, 2507, 2508, 2509, 2510, 2513, 2514, 2515, 2516, 2520, 2521, 2522, 2523, 2526, 2527, 2528, 2529, 2533, 2534, 2536, 2537, 2539, 2540, 2542, 2543, 2545, 2546, 2548, 2549, 2551, 2552, 2554, 2555, 2557, 2558, 2560, 2561, 2566, 2567, 2570, 2571, 2573, 2574, 2576, 2578, 2579, 2581, 2583, 2584, 2585, 2586, 2587, 2588, 2590, 2591, 2593, 2594, 2596, 2597, 2599, 2600, 2602, 2603, 2605, 2606, 2608, 2609, 2611, 2612, 2614, 2615, 2617, 2618, 2620, 2621, 2622, 2624, 2625, 2626, 2628, 2630, 2631, 2633, 2635, 2636, 2638, 2640, 2641, 2643, 2644, 2646, 2647, 2649, 2650, 2652, 2653, 2655, 2656, 2658, 2659, 2660, 2661, 2664, 2665, 2666, 2667, 2670, 2671, 2672, 2673, 2676, 2677, 2678, 2679, 2682, 2683, 2684, 2685, 2688, 2691, 2694, 2695, 2699, 2700, 2701, 2702, 2703, 2704, 2705, 2706, 2709, 2710, 2711, 2712, 2715, 2716, 2717, 2718, 2721, 2722, 2723, 2724, 2728, 2729, 2730, 2731, 2734, 2735, 2736, 2737, 2741, 2742, 2744, 2745, 2747, 2748, 2750, 2751, 2753, 2754, 2756, 2757, 2759, 2760, 2762, 2763, 2765, 2766, 2768, 2769, 2774, 2775, 2778, 2779, 2781, 2782, 2784, 2786, 2787, 2789, 2791, 2792, 2793, 2794, 2795, 2796, 2798, 2799, 2801, 2802, 2804, 2805, 2807, 2808, 2810, 2811, 2813, 2814, 2816, 2817, 2819, 2820, 2822, 2824, 2825, 2827, 2828, 2830, 2831, 2833, 2834, 2836, 2837, 2839, 2840, 2842, 2843, 2844, 2845, 2848, 2849, 2850, 2851, 2854, 2855, 2856, 2857, 2860, 2861, 2862, 2863, 2866, 2867, 2868, 2869, 2873, 2874, 2875, 2876, 2879, 2882, 2885, 2886, 2890, 2891, 2892, 2893, 2896, 2897, 2898, 2899, 2902, 2903, 2904, 2905, 2908, 2909, 2910, 2911, 2914, 2915, 2916, 2917, 2921, 2922, 2923, 2924, 2927, 2928, 2929, 2930, 2934, 2935, 2937, 2938, 2942, 2943, 2945, 2946, 2948, 2949, 2951, 2952, 2954, 2955, 2957, 2958, 2960, 2961, 2963, 2964, 2969, 2970, 2973, 2974, 2976, 2977, 2979, 2981, 2982, 2984, 2986, 2987, 2988, 2989, 2990, 2991, 2993, 2995, 2996, 2998, 2999, 3003, 3004, 3006, 3007, 3009, 3010, 3012, 3013, 3015, 3016, 3018, 3019, 3021, 3022, 3024, 3025, 3027, 3028, 3032, 3033, 3035, 3036, 3040, 3041, 3043, 3044, 3048, 3049, 3051, 3052, 3054, 3055, 3057, 3058, 3060, 3061, 3063, 3064, 3066, 3067, 3069, 3070, 3072, 3073, 3076, 3077], "excluded_lines": [], "functions": {"swig_import_helper": {"executed_lines": [], "summary": {"covered_lines": 0, "num_statements": 13, "percent_covered": 0.0, "percent_covered_display": "0", "missing_lines": 13, "excluded_lines": 0}, "missing_lines": [11, 12, 14, 15, 16, 17, 18, 20, 21, 22, 23, 25, 26], "excluded_lines": []}, "_swig_setattr_nondynamic": {"executed_lines": [], "summary": {"covered_lines": 0, "num_statements": 14, "percent_covered": 0.0, "percent_covered_display": "0", "missing_lines": 14, "excluded_lines": 0}, "missing_lines": [39, 40, 41, 42, 43, 44, 45, 46, 47, 48, 49, 50, 52, 54], "excluded_lines": []}, "_swig_setattr": {"executed_lines": [], "summary": {"covered_lines": 0, "num_statements": 1, "percent_covered": 0.0, "percent_covered_display": "0", "missing_lines": 1, "excluded_lines": 0}, "missing_lines": [58], "excluded_lines": []}, "_swig_getattr_nondynamic": {"executed_lines": [], "summary": {"covered_lines": 0, "num_statements": 8, "percent_covered": 0.0, "percent_covered_display": "0", "missing_lines": 8, "excluded_lines": 0}, "missing_lines": [62, 63, 64, 65, 66, 67, 68, 70], "excluded_lines": []}, "_swig_getattr": {"executed_lines": [], "summary": {"covered_lines": 0, "num_statements": 1, "percent_covered": 0.0, "percent_covered_display": "0", "missing_lines": 1, "excluded_lines": 0}, "missing_lines": [74], "excluded_lines": []}, "_swig_repr": {"executed_lines": [], "summary": {"covered_lines": 0, "num_statements": 5, "percent_covered": 0.0, "percent_covered_display": "0", "missing_lines": 5, "excluded_lines": 0}, "missing_lines": [78, 79, 80, 81, 82], "excluded_lines": []}, "SwigPyIterator.__setattr__": {"executed_lines": [], "summary": {"covered_lines": 0, "num_statements": 1, "percent_covered": 0.0, "percent_covered_display": "0", "missing_lines": 1, "excluded_lines": 0}, "missing_lines": [100], "excluded_lines": []}, "SwigPyIterator.__getattr__": {"executed_lines": [], "summary": {"covered_lines": 0, "num_statements": 1, "percent_covered": 0.0, "percent_covered_display": "0", "missing_lines": 1, "excluded_lines": 0}, "missing_lines": [105], "excluded_lines": []}, "SwigPyIterator.__init__": {"executed_lines": [], "summary": {"covered_lines": 0, "num_statements": 1, "percent_covered": 0.0, "percent_covered_display": "0", "missing_lines": 1, "excluded_lines": 0}, "missing_lines": [108], "excluded_lines": []}, "SwigPyIterator.__del__": {"executed_lines": [], "summary": {"covered_lines": 0, "num_statements": 1, "percent_covered": 0.0, "percent_covered_display": "0", "missing_lines": 1, "excluded_lines": 0}, "missing_lines": [114], "excluded_lines": []}, "SwigPyIterator.value": {"executed_lines": [], "summary": {"covered_lines": 0, "num_statements": 1, "percent_covered": 0.0, "percent_covered_display": "0", "missing_lines": 1, "excluded_lines": 0}, "missing_lines": [117], "excluded_lines": []}, "SwigPyIterator.incr": {"executed_lines": [], "summary": {"covered_lines": 0, "num_statements": 1, "percent_covered": 0.0, "percent_covered_display": "0", "missing_lines": 1, "excluded_lines": 0}, "missing_lines": [120], "excluded_lines": []}, "SwigPyIterator.decr": {"executed_lines": [], "summary": {"covered_lines": 0, "num_statements": 1, "percent_covered": 0.0, "percent_covered_display": "0", "missing_lines": 1, "excluded_lines": 0}, "missing_lines": [123], "excluded_lines": []}, "SwigPyIterator.distance": {"executed_lines": [], "summary": {"covered_lines": 0, "num_statements": 1, "percent_covered": 0.0, "percent_covered_display": "0", "missing_lines": 1, "excluded_lines": 0}, "missing_lines": [126], "excluded_lines": []}, "SwigPyIterator.equal": {"executed_lines": [], "summary": {"covered_lines": 0, "num_statements": 1, "percent_covered": 0.0, "percent_covered_display": "0", "missing_lines": 1, "excluded_lines": 0}, "missing_lines": [129], "excluded_lines": []}, "SwigPyIterator.copy": {"executed_lines": [], "summary": {"covered_lines": 0, "num_statements": 1, "percent_covered": 0.0, "percent_covered_display": "0", "missing_lines": 1, "excluded_lines": 0}, "missing_lines": [132], "excluded_lines": []}, "SwigPyIterator.next": {"executed_lines": [], "summary": {"covered_lines": 0, "num_statements": 1, "percent_covered": 0.0, "percent_covered_display": "0", "missing_lines": 1, "excluded_lines": 0}, "missing_lines": [135], "excluded_lines": []}, "SwigPyIterator.__next__": {"executed_lines": [], "summary": {"covered_lines": 0, "num_statements": 1, "percent_covered": 0.0, "percent_covered_display": "0", "missing_lines": 1, "excluded_lines": 0}, "missing_lines": [138], "excluded_lines": []}, "SwigPyIterator.previous": {"executed_lines": [], "summary": {"covered_lines": 0, "num_statements": 1, "percent_covered": 0.0, "percent_covered_display": "0", "missing_lines": 1, "excluded_lines": 0}, "missing_lines": [141], "excluded_lines": []}, "SwigPyIterator.advance": {"executed_lines": [], "summary": {"covered_lines": 0, "num_statements": 1, "percent_covered": 0.0, "percent_covered_display": "0", "missing_lines": 1, "excluded_lines": 0}, "missing_lines": [144], "excluded_lines": []}, "SwigPyIterator.__eq__": {"executed_lines": [], "summary": {"covered_lines": 0, "num_statements": 1, "percent_covered": 0.0, "percent_covered_display": "0", "missing_lines": 1, "excluded_lines": 0}, "missing_lines": [147], "excluded_lines": []}, "SwigPyIterator.__ne__": {"executed_lines": [], "summary": {"covered_lines": 0, "num_statements": 1, "percent_covered": 0.0, "percent_covered_display": "0", "missing_lines": 1, "excluded_lines": 0}, "missing_lines": [150], "excluded_lines": []}, "SwigPyIterator.__iadd__": {"executed_lines": [], "summary": {"covered_lines": 0, "num_statements": 1, "percent_covered": 0.0, "percent_covered_display": "0", "missing_lines": 1, "excluded_lines": 0}, "missing_lines": [153], "excluded_lines": []}, "SwigPyIterator.__isub__": {"executed_lines": [], "summary": {"covered_lines": 0, "num_statements": 1, "percent_covered": 0.0, "percent_covered_display": "0", "missing_lines": 1, "excluded_lines": 0}, "missing_lines": [156], "excluded_lines": []}, "SwigPyIterator.__add__": {"executed_lines": [], "summary": {"covered_lines": 0, "num_statements": 1, "percent_covered": 0.0, "percent_covered_display": "0", "missing_lines": 1, "excluded_lines": 0}, "missing_lines": [159], "excluded_lines": []}, "SwigPyIterator.__sub__": {"executed_lines": [], "summary": {"covered_lines": 0, "num_statements": 1, "percent_covered": 0.0, "percent_covered_display": "0", "missing_lines": 1, "excluded_lines": 0}, "missing_lines": [162], "excluded_lines": []}, "SwigPyIterator.__iter__": {"executed_lines": [], "summary": {"covered_lines": 0, "num_statements": 1, "percent_covered": 0.0, "percent_covered_display": "0", "missing_lines": 1, "excluded_lines": 0}, "missing_lines": [165], "excluded_lines": []}, "StringVector.__setattr__": {"executed_lines": [], "summary": {"covered_lines": 0, "num_statements": 1, "percent_covered": 0.0, "percent_covered_display": "0", "missing_lines": 1, "excluded_lines": 0}, "missing_lines": [176], "excluded_lines": []}, "StringVector.__getattr__": {"executed_lines": [], "summary": {"covered_lines": 0, "num_statements": 1, "percent_covered": 0.0, "percent_covered_display": "0", "missing_lines": 1, "excluded_lines": 0}, "missing_lines": [181], "excluded_lines": []}, "StringVector.iterator": {"executed_lines": [], "summary": {"covered_lines": 0, "num_statements": 1, "percent_covered": 0.0, "percent_covered_display": "0", "missing_lines": 1, "excluded_lines": 0}, "missing_lines": [186], "excluded_lines": []}, "StringVector.__iter__": {"executed_lines": [], "summary": {"covered_lines": 0, "num_statements": 1, "percent_covered": 0.0, "percent_covered_display": "0", "missing_lines": 1, "excluded_lines": 0}, "missing_lines": [189], "excluded_lines": []}, "StringVector.__nonzero__": {"executed_lines": [], "summary": {"covered_lines": 0, "num_statements": 1, "percent_covered": 0.0, "percent_covered_display": "0", "missing_lines": 1, "excluded_lines": 0}, "missing_lines": [192], "excluded_lines": []}, "StringVector.__bool__": {"executed_lines": [], "summary": {"covered_lines": 0, "num_statements": 1, "percent_covered": 0.0, "percent_covered_display": "0", "missing_lines": 1, "excluded_lines": 0}, "missing_lines": [195], "excluded_lines": []}, "StringVector.__len__": {"executed_lines": [], "summary": {"covered_lines": 0, "num_statements": 1, "percent_covered": 0.0, "percent_covered_display": "0", "missing_lines": 1, "excluded_lines": 0}, "missing_lines": [198], "excluded_lines": []}, "StringVector.__getslice__": {"executed_lines": [], "summary": {"covered_lines": 0, "num_statements": 1, "percent_covered": 0.0, "percent_covered_display": "0", "missing_lines": 1, "excluded_lines": 0}, "missing_lines": [201], "excluded_lines": []}, "StringVector.__setslice__": {"executed_lines": [], "summary": {"covered_lines": 0, "num_statements": 1, "percent_covered": 0.0, "percent_covered_display": "0", "missing_lines": 1, "excluded_lines": 0}, "missing_lines": [204], "excluded_lines": []}, "StringVector.__delslice__": {"executed_lines": [], "summary": {"covered_lines": 0, "num_statements": 1, "percent_covered": 0.0, "percent_covered_display": "0", "missing_lines": 1, "excluded_lines": 0}, "missing_lines": [207], "excluded_lines": []}, "StringVector.__delitem__": {"executed_lines": [], "summary": {"covered_lines": 0, "num_statements": 1, "percent_covered": 0.0, "percent_covered_display": "0", "missing_lines": 1, "excluded_lines": 0}, "missing_lines": [210], "excluded_lines": []}, "StringVector.__getitem__": {"executed_lines": [], "summary": {"covered_lines": 0, "num_statements": 1, "percent_covered": 0.0, "percent_covered_display": "0", "missing_lines": 1, "excluded_lines": 0}, "missing_lines": [213], "excluded_lines": []}, "StringVector.__setitem__": {"executed_lines": [], "summary": {"covered_lines": 0, "num_statements": 1, "percent_covered": 0.0, "percent_covered_display": "0", "missing_lines": 1, "excluded_lines": 0}, "missing_lines": [216], "excluded_lines": []}, "StringVector.pop": {"executed_lines": [], "summary": {"covered_lines": 0, "num_statements": 1, "percent_covered": 0.0, "percent_covered_display": "0", "missing_lines": 1, "excluded_lines": 0}, "missing_lines": [219], "excluded_lines": []}, "StringVector.append": {"executed_lines": [], "summary": {"covered_lines": 0, "num_statements": 1, "percent_covered": 0.0, "percent_covered_display": "0", "missing_lines": 1, "excluded_lines": 0}, "missing_lines": [222], "excluded_lines": []}, "StringVector.empty": {"executed_lines": [], "summary": {"covered_lines": 0, "num_statements": 1, "percent_covered": 0.0, "percent_covered_display": "0", "missing_lines": 1, "excluded_lines": 0}, "missing_lines": [225], "excluded_lines": []}, "StringVector.size": {"executed_lines": [], "summary": {"covered_lines": 0, "num_statements": 1, "percent_covered": 0.0, "percent_covered_display": "0", "missing_lines": 1, "excluded_lines": 0}, "missing_lines": [228], "excluded_lines": []}, "StringVector.swap": {"executed_lines": [], "summary": {"covered_lines": 0, "num_statements": 1, "percent_covered": 0.0, "percent_covered_display": "0", "missing_lines": 1, "excluded_lines": 0}, "missing_lines": [231], "excluded_lines": []}, "StringVector.begin": {"executed_lines": [], "summary": {"covered_lines": 0, "num_statements": 1, "percent_covered": 0.0, "percent_covered_display": "0", "missing_lines": 1, "excluded_lines": 0}, "missing_lines": [234], "excluded_lines": []}, "StringVector.end": {"executed_lines": [], "summary": {"covered_lines": 0, "num_statements": 1, "percent_covered": 0.0, "percent_covered_display": "0", "missing_lines": 1, "excluded_lines": 0}, "missing_lines": [237], "excluded_lines": []}, "StringVector.rbegin": {"executed_lines": [], "summary": {"covered_lines": 0, "num_statements": 1, "percent_covered": 0.0, "percent_covered_display": "0", "missing_lines": 1, "excluded_lines": 0}, "missing_lines": [240], "excluded_lines": []}, "StringVector.rend": {"executed_lines": [], "summary": {"covered_lines": 0, "num_statements": 1, "percent_covered": 0.0, "percent_covered_display": "0", "missing_lines": 1, "excluded_lines": 0}, "missing_lines": [243], "excluded_lines": []}, "StringVector.clear": {"executed_lines": [], "summary": {"covered_lines": 0, "num_statements": 1, "percent_covered": 0.0, "percent_covered_display": "0", "missing_lines": 1, "excluded_lines": 0}, "missing_lines": [246], "excluded_lines": []}, "StringVector.get_allocator": {"executed_lines": [], "summary": {"covered_lines": 0, "num_statements": 1, "percent_covered": 0.0, "percent_covered_display": "0", "missing_lines": 1, "excluded_lines": 0}, "missing_lines": [249], "excluded_lines": []}, "StringVector.pop_back": {"executed_lines": [], "summary": {"covered_lines": 0, "num_statements": 1, "percent_covered": 0.0, "percent_covered_display": "0", "missing_lines": 1, "excluded_lines": 0}, "missing_lines": [252], "excluded_lines": []}, "StringVector.erase": {"executed_lines": [], "summary": {"covered_lines": 0, "num_statements": 1, "percent_covered": 0.0, "percent_covered_display": "0", "missing_lines": 1, "excluded_lines": 0}, "missing_lines": [255], "excluded_lines": []}, "StringVector.__init__": {"executed_lines": [], "summary": {"covered_lines": 0, "num_statements": 5, "percent_covered": 0.0, "percent_covered_display": "0", "missing_lines": 5, "excluded_lines": 0}, "missing_lines": [258, 259, 260, 261, 262], "excluded_lines": []}, "StringVector.push_back": {"executed_lines": [], "summary": {"covered_lines": 0, "num_statements": 1, "percent_covered": 0.0, "percent_covered_display": "0", "missing_lines": 1, "excluded_lines": 0}, "missing_lines": [265], "excluded_lines": []}, "StringVector.front": {"executed_lines": [], "summary": {"covered_lines": 0, "num_statements": 1, "percent_covered": 0.0, "percent_covered_display": "0", "missing_lines": 1, "excluded_lines": 0}, "missing_lines": [268], "excluded_lines": []}, "StringVector.back": {"executed_lines": [], "summary": {"covered_lines": 0, "num_statements": 1, "percent_covered": 0.0, "percent_covered_display": "0", "missing_lines": 1, "excluded_lines": 0}, "missing_lines": [271], "excluded_lines": []}, "StringVector.assign": {"executed_lines": [], "summary": {"covered_lines": 0, "num_statements": 1, "percent_covered": 0.0, "percent_covered_display": "0", "missing_lines": 1, "excluded_lines": 0}, "missing_lines": [274], "excluded_lines": []}, "StringVector.resize": {"executed_lines": [], "summary": {"covered_lines": 0, "num_statements": 1, "percent_covered": 0.0, "percent_covered_display": "0", "missing_lines": 1, "excluded_lines": 0}, "missing_lines": [277], "excluded_lines": []}, "StringVector.insert": {"executed_lines": [], "summary": {"covered_lines": 0, "num_statements": 1, "percent_covered": 0.0, "percent_covered_display": "0", "missing_lines": 1, "excluded_lines": 0}, "missing_lines": [280], "excluded_lines": []}, "StringVector.reserve": {"executed_lines": [], "summary": {"covered_lines": 0, "num_statements": 1, "percent_covered": 0.0, "percent_covered_display": "0", "missing_lines": 1, "excluded_lines": 0}, "missing_lines": [283], "excluded_lines": []}, "StringVector.capacity": {"executed_lines": [], "summary": {"covered_lines": 0, "num_statements": 1, "percent_covered": 0.0, "percent_covered_display": "0", "missing_lines": 1, "excluded_lines": 0}, "missing_lines": [286], "excluded_lines": []}, "StringVector.__del__": {"executed_lines": [], "summary": {"covered_lines": 0, "num_statements": 1, "percent_covered": 0.0, "percent_covered_display": "0", "missing_lines": 1, "excluded_lines": 0}, "missing_lines": [291], "excluded_lines": []}, "StateNodeMap.__setattr__": {"executed_lines": [], "summary": {"covered_lines": 0, "num_statements": 1, "percent_covered": 0.0, "percent_covered_display": "0", "missing_lines": 1, "excluded_lines": 0}, "missing_lines": [302], "excluded_lines": []}, "StateNodeMap.__getattr__": {"executed_lines": [], "summary": {"covered_lines": 0, "num_statements": 1, "percent_covered": 0.0, "percent_covered_display": "0", "missing_lines": 1, "excluded_lines": 0}, "missing_lines": [307], "excluded_lines": []}, "StateNodeMap.iterator": {"executed_lines": [], "summary": {"covered_lines": 0, "num_statements": 1, "percent_covered": 0.0, "percent_covered_display": "0", "missing_lines": 1, "excluded_lines": 0}, "missing_lines": [312], "excluded_lines": []}, "StateNodeMap.__iter__": {"executed_lines": [], "summary": {"covered_lines": 0, "num_statements": 1, "percent_covered": 0.0, "percent_covered_display": "0", "missing_lines": 1, "excluded_lines": 0}, "missing_lines": [327], "excluded_lines": []}, "StateNodeMap.__nonzero__": {"executed_lines": [], "summary": {"covered_lines": 0, "num_statements": 1, "percent_covered": 0.0, "percent_covered_display": "0", "missing_lines": 1, "excluded_lines": 0}, "missing_lines": [318], "excluded_lines": []}, "StateNodeMap.__bool__": {"executed_lines": [], "summary": {"covered_lines": 0, "num_statements": 1, "percent_covered": 0.0, "percent_covered_display": "0", "missing_lines": 1, "excluded_lines": 0}, "missing_lines": [321], "excluded_lines": []}, "StateNodeMap.__len__": {"executed_lines": [], "summary": {"covered_lines": 0, "num_statements": 1, "percent_covered": 0.0, "percent_covered_display": "0", "missing_lines": 1, "excluded_lines": 0}, "missing_lines": [324], "excluded_lines": []}, "StateNodeMap.iterkeys": {"executed_lines": [], "summary": {"covered_lines": 0, "num_statements": 1, "percent_covered": 0.0, "percent_covered_display": "0", "missing_lines": 1, "excluded_lines": 0}, "missing_lines": [330], "excluded_lines": []}, "StateNodeMap.itervalues": {"executed_lines": [], "summary": {"covered_lines": 0, "num_statements": 1, "percent_covered": 0.0, "percent_covered_display": "0", "missing_lines": 1, "excluded_lines": 0}, "missing_lines": [333], "excluded_lines": []}, "StateNodeMap.iteritems": {"executed_lines": [], "summary": {"covered_lines": 0, "num_statements": 1, "percent_covered": 0.0, "percent_covered_display": "0", "missing_lines": 1, "excluded_lines": 0}, "missing_lines": [336], "excluded_lines": []}, "StateNodeMap.__getitem__": {"executed_lines": [], "summary": {"covered_lines": 0, "num_statements": 1, "percent_covered": 0.0, "percent_covered_display": "0", "missing_lines": 1, "excluded_lines": 0}, "missing_lines": [339], "excluded_lines": []}, "StateNodeMap.__delitem__": {"executed_lines": [], "summary": {"covered_lines": 0, "num_statements": 1, "percent_covered": 0.0, "percent_covered_display": "0", "missing_lines": 1, "excluded_lines": 0}, "missing_lines": [342], "excluded_lines": []}, "StateNodeMap.has_key": {"executed_lines": [], "summary": {"covered_lines": 0, "num_statements": 1, "percent_covered": 0.0, "percent_covered_display": "0", "missing_lines": 1, "excluded_lines": 0}, "missing_lines": [345], "excluded_lines": []}, "StateNodeMap.keys": {"executed_lines": [], "summary": {"covered_lines": 0, "num_statements": 1, "percent_covered": 0.0, "percent_covered_display": "0", "missing_lines": 1, "excluded_lines": 0}, "missing_lines": [348], "excluded_lines": []}, "StateNodeMap.values": {"executed_lines": [], "summary": {"covered_lines": 0, "num_statements": 1, "percent_covered": 0.0, "percent_covered_display": "0", "missing_lines": 1, "excluded_lines": 0}, "missing_lines": [351], "excluded_lines": []}, "StateNodeMap.items": {"executed_lines": [], "summary": {"covered_lines": 0, "num_statements": 1, "percent_covered": 0.0, "percent_covered_display": "0", "missing_lines": 1, "excluded_lines": 0}, "missing_lines": [354], "excluded_lines": []}, "StateNodeMap.__contains__": {"executed_lines": [], "summary": {"covered_lines": 0, "num_statements": 1, "percent_covered": 0.0, "percent_covered_display": "0", "missing_lines": 1, "excluded_lines": 0}, "missing_lines": [357], "excluded_lines": []}, "StateNodeMap.key_iterator": {"executed_lines": [], "summary": {"covered_lines": 0, "num_statements": 1, "percent_covered": 0.0, "percent_covered_display": "0", "missing_lines": 1, "excluded_lines": 0}, "missing_lines": [360], "excluded_lines": []}, "StateNodeMap.value_iterator": {"executed_lines": [], "summary": {"covered_lines": 0, "num_statements": 1, "percent_covered": 0.0, "percent_covered_display": "0", "missing_lines": 1, "excluded_lines": 0}, "missing_lines": [363], "excluded_lines": []}, "StateNodeMap.__setitem__": {"executed_lines": [], "summary": {"covered_lines": 0, "num_statements": 1, "percent_covered": 0.0, "percent_covered_display": "0", "missing_lines": 1, "excluded_lines": 0}, "missing_lines": [366], "excluded_lines": []}, "StateNodeMap.asdict": {"executed_lines": [], "summary": {"covered_lines": 0, "num_statements": 1, "percent_covered": 0.0, "percent_covered_display": "0", "missing_lines": 1, "excluded_lines": 0}, "missing_lines": [369], "excluded_lines": []}, "StateNodeMap.__init__": {"executed_lines": [], "summary": {"covered_lines": 0, "num_statements": 5, "percent_covered": 0.0, "percent_covered_display": "0", "missing_lines": 5, "excluded_lines": 0}, "missing_lines": [372, 373, 374, 375, 376], "excluded_lines": []}, "StateNodeMap.empty": {"executed_lines": [], "summary": {"covered_lines": 0, "num_statements": 1, "percent_covered": 0.0, "percent_covered_display": "0", "missing_lines": 1, "excluded_lines": 0}, "missing_lines": [379], "excluded_lines": []}, "StateNodeMap.size": {"executed_lines": [], "summary": {"covered_lines": 0, "num_statements": 1, "percent_covered": 0.0, "percent_covered_display": "0", "missing_lines": 1, "excluded_lines": 0}, "missing_lines": [382], "excluded_lines": []}, "StateNodeMap.swap": {"executed_lines": [], "summary": {"covered_lines": 0, "num_statements": 1, "percent_covered": 0.0, "percent_covered_display": "0", "missing_lines": 1, "excluded_lines": 0}, "missing_lines": [385], "excluded_lines": []}, "StateNodeMap.begin": {"executed_lines": [], "summary": {"covered_lines": 0, "num_statements": 1, "percent_covered": 0.0, "percent_covered_display": "0", "missing_lines": 1, "excluded_lines": 0}, "missing_lines": [388], "excluded_lines": []}, "StateNodeMap.end": {"executed_lines": [], "summary": {"covered_lines": 0, "num_statements": 1, "percent_covered": 0.0, "percent_covered_display": "0", "missing_lines": 1, "excluded_lines": 0}, "missing_lines": [391], "excluded_lines": []}, "StateNodeMap.rbegin": {"executed_lines": [], "summary": {"covered_lines": 0, "num_statements": 1, "percent_covered": 0.0, "percent_covered_display": "0", "missing_lines": 1, "excluded_lines": 0}, "missing_lines": [394], "excluded_lines": []}, "StateNodeMap.rend": {"executed_lines": [], "summary": {"covered_lines": 0, "num_statements": 1, "percent_covered": 0.0, "percent_covered_display": "0", "missing_lines": 1, "excluded_lines": 0}, "missing_lines": [397], "excluded_lines": []}, "StateNodeMap.clear": {"executed_lines": [], "summary": {"covered_lines": 0, "num_statements": 1, "percent_covered": 0.0, "percent_covered_display": "0", "missing_lines": 1, "excluded_lines": 0}, "missing_lines": [400], "excluded_lines": []}, "StateNodeMap.get_allocator": {"executed_lines": [], "summary": {"covered_lines": 0, "num_statements": 1, "percent_covered": 0.0, "percent_covered_display": "0", "missing_lines": 1, "excluded_lines": 0}, "missing_lines": [403], "excluded_lines": []}, "StateNodeMap.count": {"executed_lines": [], "summary": {"covered_lines": 0, "num_statements": 1, "percent_covered": 0.0, "percent_covered_display": "0", "missing_lines": 1, "excluded_lines": 0}, "missing_lines": [406], "excluded_lines": []}, "StateNodeMap.erase": {"executed_lines": [], "summary": {"covered_lines": 0, "num_statements": 1, "percent_covered": 0.0, "percent_covered_display": "0", "missing_lines": 1, "excluded_lines": 0}, "missing_lines": [409], "excluded_lines": []}, "StateNodeMap.find": {"executed_lines": [], "summary": {"covered_lines": 0, "num_statements": 1, "percent_covered": 0.0, "percent_covered_display": "0", "missing_lines": 1, "excluded_lines": 0}, "missing_lines": [412], "excluded_lines": []}, "StateNodeMap.lower_bound": {"executed_lines": [], "summary": {"covered_lines": 0, "num_statements": 1, "percent_covered": 0.0, "percent_covered_display": "0", "missing_lines": 1, "excluded_lines": 0}, "missing_lines": [415], "excluded_lines": []}, "StateNodeMap.upper_bound": {"executed_lines": [], "summary": {"covered_lines": 0, "num_statements": 1, "percent_covered": 0.0, "percent_covered_display": "0", "missing_lines": 1, "excluded_lines": 0}, "missing_lines": [418], "excluded_lines": []}, "StateNodeMap.__del__": {"executed_lines": [], "summary": {"covered_lines": 0, "num_statements": 1, "percent_covered": 0.0, "percent_covered_display": "0", "missing_lines": 1, "excluded_lines": 0}, "missing_lines": [423], "excluded_lines": []}, "UIntDeque.__setattr__": {"executed_lines": [], "summary": {"covered_lines": 0, "num_statements": 1, "percent_covered": 0.0, "percent_covered_display": "0", "missing_lines": 1, "excluded_lines": 0}, "missing_lines": [434], "excluded_lines": []}, "UIntDeque.__getattr__": {"executed_lines": [], "summary": {"covered_lines": 0, "num_statements": 1, "percent_covered": 0.0, "percent_covered_display": "0", "missing_lines": 1, "excluded_lines": 0}, "missing_lines": [439], "excluded_lines": []}, "UIntDeque.iterator": {"executed_lines": [], "summary": {"covered_lines": 0, "num_statements": 1, "percent_covered": 0.0, "percent_covered_display": "0", "missing_lines": 1, "excluded_lines": 0}, "missing_lines": [444], "excluded_lines": []}, "UIntDeque.__iter__": {"executed_lines": [], "summary": {"covered_lines": 0, "num_statements": 1, "percent_covered": 0.0, "percent_covered_display": "0", "missing_lines": 1, "excluded_lines": 0}, "missing_lines": [447], "excluded_lines": []}, "UIntDeque.__nonzero__": {"executed_lines": [], "summary": {"covered_lines": 0, "num_statements": 1, "percent_covered": 0.0, "percent_covered_display": "0", "missing_lines": 1, "excluded_lines": 0}, "missing_lines": [450], "excluded_lines": []}, "UIntDeque.__bool__": {"executed_lines": [], "summary": {"covered_lines": 0, "num_statements": 1, "percent_covered": 0.0, "percent_covered_display": "0", "missing_lines": 1, "excluded_lines": 0}, "missing_lines": [453], "excluded_lines": []}, "UIntDeque.__len__": {"executed_lines": [], "summary": {"covered_lines": 0, "num_statements": 1, "percent_covered": 0.0, "percent_covered_display": "0", "missing_lines": 1, "excluded_lines": 0}, "missing_lines": [456], "excluded_lines": []}, "UIntDeque.__getslice__": {"executed_lines": [], "summary": {"covered_lines": 0, "num_statements": 1, "percent_covered": 0.0, "percent_covered_display": "0", "missing_lines": 1, "excluded_lines": 0}, "missing_lines": [459], "excluded_lines": []}, "UIntDeque.__setslice__": {"executed_lines": [], "summary": {"covered_lines": 0, "num_statements": 1, "percent_covered": 0.0, "percent_covered_display": "0", "missing_lines": 1, "excluded_lines": 0}, "missing_lines": [462], "excluded_lines": []}, "UIntDeque.__delslice__": {"executed_lines": [], "summary": {"covered_lines": 0, "num_statements": 1, "percent_covered": 0.0, "percent_covered_display": "0", "missing_lines": 1, "excluded_lines": 0}, "missing_lines": [465], "excluded_lines": []}, "UIntDeque.__delitem__": {"executed_lines": [], "summary": {"covered_lines": 0, "num_statements": 1, "percent_covered": 0.0, "percent_covered_display": "0", "missing_lines": 1, "excluded_lines": 0}, "missing_lines": [468], "excluded_lines": []}, "UIntDeque.__getitem__": {"executed_lines": [], "summary": {"covered_lines": 0, "num_statements": 1, "percent_covered": 0.0, "percent_covered_display": "0", "missing_lines": 1, "excluded_lines": 0}, "missing_lines": [471], "excluded_lines": []}, "UIntDeque.__setitem__": {"executed_lines": [], "summary": {"covered_lines": 0, "num_statements": 1, "percent_covered": 0.0, "percent_covered_display": "0", "missing_lines": 1, "excluded_lines": 0}, "missing_lines": [474], "excluded_lines": []}, "UIntDeque.pop": {"executed_lines": [], "summary": {"covered_lines": 0, "num_statements": 1, "percent_covered": 0.0, "percent_covered_display": "0", "missing_lines": 1, "excluded_lines": 0}, "missing_lines": [477], "excluded_lines": []}, "UIntDeque.append": {"executed_lines": [], "summary": {"covered_lines": 0, "num_statements": 1, "percent_covered": 0.0, "percent_covered_display": "0", "missing_lines": 1, "excluded_lines": 0}, "missing_lines": [480], "excluded_lines": []}, "UIntDeque.empty": {"executed_lines": [], "summary": {"covered_lines": 0, "num_statements": 1, "percent_covered": 0.0, "percent_covered_display": "0", "missing_lines": 1, "excluded_lines": 0}, "missing_lines": [483], "excluded_lines": []}, "UIntDeque.size": {"executed_lines": [], "summary": {"covered_lines": 0, "num_statements": 1, "percent_covered": 0.0, "percent_covered_display": "0", "missing_lines": 1, "excluded_lines": 0}, "missing_lines": [486], "excluded_lines": []}, "UIntDeque.swap": {"executed_lines": [], "summary": {"covered_lines": 0, "num_statements": 1, "percent_covered": 0.0, "percent_covered_display": "0", "missing_lines": 1, "excluded_lines": 0}, "missing_lines": [489], "excluded_lines": []}, "UIntDeque.begin": {"executed_lines": [], "summary": {"covered_lines": 0, "num_statements": 1, "percent_covered": 0.0, "percent_covered_display": "0", "missing_lines": 1, "excluded_lines": 0}, "missing_lines": [492], "excluded_lines": []}, "UIntDeque.end": {"executed_lines": [], "summary": {"covered_lines": 0, "num_statements": 1, "percent_covered": 0.0, "percent_covered_display": "0", "missing_lines": 1, "excluded_lines": 0}, "missing_lines": [495], "excluded_lines": []}, "UIntDeque.rbegin": {"executed_lines": [], "summary": {"covered_lines": 0, "num_statements": 1, "percent_covered": 0.0, "percent_covered_display": "0", "missing_lines": 1, "excluded_lines": 0}, "missing_lines": [498], "excluded_lines": []}, "UIntDeque.rend": {"executed_lines": [], "summary": {"covered_lines": 0, "num_statements": 1, "percent_covered": 0.0, "percent_covered_display": "0", "missing_lines": 1, "excluded_lines": 0}, "missing_lines": [501], "excluded_lines": []}, "UIntDeque.clear": {"executed_lines": [], "summary": {"covered_lines": 0, "num_statements": 1, "percent_covered": 0.0, "percent_covered_display": "0", "missing_lines": 1, "excluded_lines": 0}, "missing_lines": [504], "excluded_lines": []}, "UIntDeque.get_allocator": {"executed_lines": [], "summary": {"covered_lines": 0, "num_statements": 1, "percent_covered": 0.0, "percent_covered_display": "0", "missing_lines": 1, "excluded_lines": 0}, "missing_lines": [507], "excluded_lines": []}, "UIntDeque.pop_back": {"executed_lines": [], "summary": {"covered_lines": 0, "num_statements": 1, "percent_covered": 0.0, "percent_covered_display": "0", "missing_lines": 1, "excluded_lines": 0}, "missing_lines": [510], "excluded_lines": []}, "UIntDeque.erase": {"executed_lines": [], "summary": {"covered_lines": 0, "num_statements": 1, "percent_covered": 0.0, "percent_covered_display": "0", "missing_lines": 1, "excluded_lines": 0}, "missing_lines": [513], "excluded_lines": []}, "UIntDeque.__init__": {"executed_lines": [], "summary": {"covered_lines": 0, "num_statements": 5, "percent_covered": 0.0, "percent_covered_display": "0", "missing_lines": 5, "excluded_lines": 0}, "missing_lines": [516, 517, 518, 519, 520], "excluded_lines": []}, "UIntDeque.push_back": {"executed_lines": [], "summary": {"covered_lines": 0, "num_statements": 1, "percent_covered": 0.0, "percent_covered_display": "0", "missing_lines": 1, "excluded_lines": 0}, "missing_lines": [523], "excluded_lines": []}, "UIntDeque.front": {"executed_lines": [], "summary": {"covered_lines": 0, "num_statements": 1, "percent_covered": 0.0, "percent_covered_display": "0", "missing_lines": 1, "excluded_lines": 0}, "missing_lines": [526], "excluded_lines": []}, "UIntDeque.back": {"executed_lines": [], "summary": {"covered_lines": 0, "num_statements": 1, "percent_covered": 0.0, "percent_covered_display": "0", "missing_lines": 1, "excluded_lines": 0}, "missing_lines": [529], "excluded_lines": []}, "UIntDeque.assign": {"executed_lines": [], "summary": {"covered_lines": 0, "num_statements": 1, "percent_covered": 0.0, "percent_covered_display": "0", "missing_lines": 1, "excluded_lines": 0}, "missing_lines": [532], "excluded_lines": []}, "UIntDeque.resize": {"executed_lines": [], "summary": {"covered_lines": 0, "num_statements": 1, "percent_covered": 0.0, "percent_covered_display": "0", "missing_lines": 1, "excluded_lines": 0}, "missing_lines": [535], "excluded_lines": []}, "UIntDeque.insert": {"executed_lines": [], "summary": {"covered_lines": 0, "num_statements": 1, "percent_covered": 0.0, "percent_covered_display": "0", "missing_lines": 1, "excluded_lines": 0}, "missing_lines": [538], "excluded_lines": []}, "UIntDeque.pop_front": {"executed_lines": [], "summary": {"covered_lines": 0, "num_statements": 1, "percent_covered": 0.0, "percent_covered_display": "0", "missing_lines": 1, "excluded_lines": 0}, "missing_lines": [541], "excluded_lines": []}, "UIntDeque.push_front": {"executed_lines": [], "summary": {"covered_lines": 0, "num_statements": 1, "percent_covered": 0.0, "percent_covered_display": "0", "missing_lines": 1, "excluded_lines": 0}, "missing_lines": [544], "excluded_lines": []}, "UIntDeque.__del__": {"executed_lines": [], "summary": {"covered_lines": 0, "num_statements": 1, "percent_covered": 0.0, "percent_covered_display": "0", "missing_lines": 1, "excluded_lines": 0}, "missing_lines": [549], "excluded_lines": []}, "init": {"executed_lines": [], "summary": {"covered_lines": 0, "num_statements": 1, "percent_covered": 0.0, "percent_covered_display": "0", "missing_lines": 1, "excluded_lines": 0}, "missing_lines": [557], "excluded_lines": []}, "run": {"executed_lines": [], "summary": {"covered_lines": 0, "num_statements":
[...]
es": [], "excluded_lines": [], "functions": {"": {"executed_lines": [], "summary": {"covered_lines": 0, "num_statements": 0, "percent_covered": 100.0, "percent_covered_display": "100", "missing_lines": 0, "excluded_lines": 0}, "missing_lines": [], "excluded_lines": []}}, "classes": {"": {"executed_lines": [], "summary": {"covered_lines": 0, "num_statements": 0, "percent_covered": 100.0, "percent_covered_display": "100", "missing_lines": 0, "excluded_lines": 0}, "missing_lines": [], "excluded_lines": []}}}, "py3plex/visualization/multilayer.py": {"executed_lines": [6, 8, 9, 11, 12, 13, 15, 17, 18, 22, 24, 26, 27, 28, 29, 31, 32, 36, 37, 40, 51, 53, 54, 60, 63, 73, 74, 81, 97, 103, 104, 107, 125, 152, 198, 245, 248, 251, 254, 255, 258, 260, 317, 438, 528, 547, 559, 576, 613, 614, 615, 617, 618, 619, 623, 624, 625, 626, 627, 632, 633, 635, 637, 638, 642, 645, 649, 650, 651, 652, 653, 654, 655, 656, 657, 659, 661, 662, 666, 670, 671, 685, 686, 694, 702, 712, 715, 716, 717, 718, 721, 725, 726, 733, 736, 738, 741, 849], "summary": {"covered_lines": 95, "num_statements": 259, "percent_covered": 36.67953667953668, "percent_covered_display": "37", "missing_lines": 164, "excluded_lines": 7}, "missing_lines": [19, 20, 34, 52, 55, 56, 57, 59, 75, 76, 78, 98, 99, 100, 110, 111, 112, 113, 115, 116, 117, 120, 122, 140, 141, 143, 146, 147, 149, 172, 173, 175, 176, 187, 188, 265, 266, 272, 273, 274, 279, 280, 283, 294, 295, 298, 301, 313, 314, 351, 353, 357, 358, 359, 360, 362, 363, 365, 366, 368, 370, 372, 374, 383, 385, 395, 404, 406, 410, 412, 414, 416, 418, 419, 429, 431, 432, 468, 469, 470, 471, 473, 474, 476, 479, 483, 487, 492, 494, 496, 498, 505, 507, 509, 511, 513, 515, 517, 519, 520, 523, 524, 525, 538, 539, 540, 541, 542, 543, 544, 554, 555, 556, 565, 620, 621, 628, 629, 630, 646, 647, 648, 664, 667, 674, 675, 677, 678, 680, 681, 683, 703, 704, 705, 706, 720, 734, 737, 764, 765, 766, 768, 769, 770, 772, 773, 774, 775, 776, 777, 778, 779, 781, 789, 790, 791, 792, 793, 794, 796, 822, 823, 845, 846], "excluded_lines": [103, 104, 849, 851, 852, 854, 859], "functions": {"_get_background_colors": {"executed_lines": [51, 53, 54, 60], "summary": {"covered_lines": 4, "num_statements": 9, "percent_covered": 44.44444444444444, "percent_covered_display": "44", "missing_lines": 5, "excluded_lines": 0}, "missing_lines": [52, 55, 56, 57, 59], "excluded_lines": []}, "_get_network_colors": {"executed_lines": [73, 74], "summary": {"covered_lines": 2, "num_statements": 5, "percent_covered": 40.0, "percent_covered_display": "40", "missing_lines": 3, "excluded_lines": 0}, "missing_lines": [75, 76, 78], "excluded_lines": []}, "_preprocess_network": {"executed_lines": [97, 103, 104, 107], "summary": {"covered_lines": 2, "num_statements": 14, "percent_covered": 14.285714285714286, "percent_covered_display": "14", "missing_lines": 12, "excluded_lines": 2}, "missing_lines": [98, 99, 100, 110, 111, 112, 113, 115, 116, 117, 120, 122], "excluded_lines": [103, 104]}, "_compute_node_sizes": {"executed_lines": [], "summary": {"covered_lines": 0, "num_statements": 6, "percent_covered": 0.0, "percent_covered_display": "0", "missing_lines": 6, "excluded_lines": 0}, "missing_lines": [140, 141, 143, 146, 147, 149], "excluded_lines": []}, "_draw_background_shape": {"executed_lines": [], "summary": {"covered_lines": 0, "num_statements": 6, "percent_covered": 0.0, "percent_covered_display": "0", "missing_lines": 6, "excluded_lines": 0}, "missing_lines": [172, 173, 175, 176, 187, 188], "excluded_lines": []}, "draw_multilayer_default": {"executed_lines": [245, 248, 251, 254, 255, 258, 260], "summary": {"covered_lines": 7, "num_statements": 21, "percent_covered": 33.333333333333336, "percent_covered_display": "33", "missing_lines": 14, "excluded_lines": 0}, "missing_lines": [265, 266, 272, 273, 274, 279, 280, 283, 294, 295, 298, 301, 313, 314], "excluded_lines": []}, "draw_multiedges": {"executed_lines": [], "summary": {"covered_lines": 0, "num_statements": 28, "percent_covered": 0.0, "percent_covered_display": "0", "missing_lines": 28, "excluded_lines": 0}, "missing_lines": [351, 353, 357, 358, 359, 360, 362, 363, 365, 366, 368, 370, 372, 374, 383, 385, 395, 404, 406, 410, 412, 414, 416, 418, 419, 429, 431, 432], "excluded_lines": []}, "generate_random_multiedges": {"executed_lines": [], "summary": {"covered_lines": 0, "num_statements": 26, "percent_covered": 0.0, "percent_covered_display": "0", "missing_lines": 26, "excluded_lines": 0}, "missing_lines": [468, 469, 470, 471, 473, 474, 476, 479, 483, 487, 492, 494, 496, 498, 505, 507, 509, 511, 513, 515, 517, 519, 520, 523, 524, 525], "excluded_lines": []}, "generate_random_networks": {"executed_lines": [], "summary": {"covered_lines": 0, "num_statements": 7, "percent_covered": 0.0, "percent_covered_display": "0", "missing_lines": 7, "excluded_lines": 0}, "missing_lines": [538, 539, 540, 541, 542, 543, 544], "excluded_lines": []}, "supra_adjacency_matrix_plot": {"executed_lines": [], "summary": {"covered_lines": 0, "num_statements": 3, "percent_covered": 0.0, "percent_covered_display": "0", "missing_lines": 3, "excluded_lines": 0}, "missing_lines": [554, 555, 556], "excluded_lines": []}, "onclick": {"executed_lines": [], "summary": {"covered_lines": 0, "num_statements": 1, "percent_covered": 0.0, "percent_covered_display": "0", "missing_lines": 1, "excluded_lines": 0}, "missing_lines": [565], "excluded_lines": []}, "hairball_plot": {"executed_lines": [613, 614, 615, 617, 618, 619, 623, 624, 625, 626, 627, 632, 633, 635, 637, 638, 642, 645, 649, 650, 651, 652, 653, 654, 655, 656, 657, 659, 661, 662, 666, 670, 671, 685, 686, 694, 702, 712, 715, 716, 717, 718, 721, 725, 726, 733, 736, 738], "summary": {"covered_lines": 48, "num_statements": 72, "percent_covered": 66.66666666666667, "percent_covered_display": "67", "missing_lines": 24, "excluded_lines": 0}, "missing_lines": [620, 621, 628, 629, 630, 646, 647, 648, 664, 667, 674, 675, 677, 678, 680, 681, 683, 703, 704, 705, 706, 720, 734, 737], "excluded_lines": []}, "interactive_hairball_plot": {"executed_lines": [], "summary": {"covered_lines": 0, "num_statements": 26, "percent_covered": 0.0, "percent_covered_display": "0", "missing_lines": 26, "excluded_lines": 0}, "missing_lines": [764, 765, 766, 768, 769, 770, 772, 773, 774, 775, 776, 777, 778, 779, 781, 789, 790, 791, 792, 793, 794, 796, 822, 823, 845, 846], "excluded_lines": []}, "": {"executed_lines": [6, 8, 9, 11, 12, 13, 15, 17, 18, 22, 24, 26, 27, 28, 29, 31, 32, 36, 37, 40, 63, 81, 125, 152, 198, 317, 438, 528, 547, 559, 576, 741, 849], "summary": {"covered_lines": 32, "num_statements": 35, "percent_covered": 91.42857142857143, "percent_covered_display": "91", "missing_lines": 3, "excluded_lines": 5}, "missing_lines": [19, 20, 34], "excluded_lines": [849, 851, 852, 854, 859]}}, "classes": {"": {"executed_lines": [6, 8, 9, 11, 12, 13, 15, 17, 18, 22, 24, 26, 27, 28, 29, 31, 32, 36, 37, 40, 51, 53, 54, 60, 63, 73, 74, 81, 97, 103, 104, 107, 125, 152, 198, 245, 248, 251, 254, 255, 258, 260, 317, 438, 528, 547, 559, 576, 613, 614, 615, 617, 618, 619, 623, 624, 625, 626, 627, 632, 633, 635, 637, 638, 642, 645, 649, 650, 651, 652, 653, 654, 655, 656, 657, 659, 661, 662, 666, 670, 671, 685, 686, 694, 702, 712, 715, 716, 717, 718, 721, 725, 726, 733, 736, 738, 741, 849], "summary": {"covered_lines": 95, "num_statements": 259, "percent_covered": 36.67953667953668, "percent_covered_display": "37", "missing_lines": 164, "excluded_lines": 7}, "missing_lines": [19, 20, 34, 52, 55, 56, 57, 59, 75, 76, 78, 98, 99, 100, 110, 111, 112, 113, 115, 116, 117, 120, 122, 140, 141, 143, 146, 147, 149, 172, 173, 175, 176, 187, 188, 265, 266, 272, 273, 274, 279, 280, 283, 294, 295, 298, 301, 313, 314, 351, 353, 357, 358, 359, 360, 362, 363, 365, 366, 368, 370, 372, 374, 383, 385, 395, 404, 406, 410, 412, 414, 416, 418, 419, 429, 431, 432, 468, 469, 470, 471, 473, 474, 476, 479, 483, 487, 492, 494, 496, 498, 505, 507, 509, 511, 513, 515, 517, 519, 520, 523, 524, 525, 538, 539, 540, 541, 542, 543, 544, 554, 555, 556, 565, 620, 621, 628, 629, 630, 646, 647, 648, 664, 667, 674, 675, 677, 678, 680, 681, 683, 703, 704, 705, 706, 720, 734, 737, 764, 765, 766, 768, 769, 770, 772, 773, 774, 775, 776, 777, 778, 779, 781, 789, 790, 791, 792, 793, 794, 796, 822, 823, 845, 846], "excluded_lines": [103, 104, 849, 851, 852, 854, 859]}}}, "py3plex/visualization/polyfit.py": {"executed_lines": [1, 6, 19], "summary": {"covered_lines": 3, "num_statements": 15, "percent_covered": 20.0, "percent_covered_display": "20", "missing_lines": 12, "excluded_lines": 0}, "missing_lines": [8, 9, 10, 11, 12, 13, 14, 16, 21, 22, 23, 25], "excluded_lines": [], "functions": {"draw_order3": {"executed_lines": [], "summary": {"covered_lines": 0, "num_statements": 8, "percent_covered": 0.0, "percent_covered_display": "0", "missing_lines": 8, "excluded_lines": 0}, "missing_lines": [8, 9, 10, 11, 12, 13, 14, 16], "excluded_lines": []}, "draw_piramidal": {"executed_lines": [], "summary": {"covered_lines": 0, "num_statements": 4, "percent_covered": 0.0, "percent_covered_display": "0", "missing_lines": 4, "excluded_lines": 0}, "missing_lines": [21, 22, 23, 25], "excluded_lines": []}, "": {"executed_lines": [1, 6, 19], "summary": {"covered_lines": 3, "num_statements": 3, "percent_covered": 100.0, "percent_covered_display": "100", "missing_lines": 0, "excluded_lines": 0}, "missing_lines": [], "excluded_lines": []}}, "classes": {"": {"executed_lines": [1, 6, 19], "summary": {"covered_lines": 3, "num_statements": 15, "percent_covered": 20.0, "percent_covered_display": "20", "missing_lines": 12, "excluded_lines": 0}, "missing_lines": [8, 9, 10, 11, 12, 13, 14, 16, 21, 22, 23, 25], "excluded_lines": []}}}, "py3plex/wrappers/__init__.py": {"executed_lines": [0], "summary": {"covered_lines": 0, "num_statements": 0, "percent_covered": 100.0, "percent_covered_display": "100", "missing_lines": 0, "excluded_lines": 0}, "missing_lines": [], "excluded_lines": [], "functions": {"": {"executed_lines": [], "summary": {"covered_lines": 0, "num_statements": 0, "percent_covered": 100.0, "percent_covered_display": "100", "missing_lines": 0, "excluded_lines": 0}, "missing_lines": [], "excluded_lines": []}}, "classes": {"": {"executed_lines": [], "summary": {"covered_lines": 0, "num_statements": 0, "percent_covered": 100.0, "percent_covered_display": "100", "missing_lines": 0, "excluded_lines": 0}, "missing_lines": [], "excluded_lines": []}}}, "py3plex/wrappers/benchmark_nodes.py": {"executed_lines": [3, 4, 5, 6, 7, 9, 10, 11, 12, 13, 14, 15, 16, 17, 18, 20, 22, 25, 26, 47, 64, 170, 298], "summary": {"covered_lines": 22, "num_statements": 152, "percent_covered": 14.473684210526315, "percent_covered_display": "14", "missing_lines": 130, "excluded_lines": 2}, "missing_lines": [37, 38, 39, 40, 41, 42, 43, 44, 57, 58, 59, 60, 61, 80, 81, 82, 83, 85, 87, 88, 89, 92, 95, 97, 98, 101, 103, 104, 106, 108, 110, 112, 114, 116, 117, 119, 121, 122, 123, 125, 127, 128, 130, 132, 133, 134, 136, 137, 140, 141, 143, 144, 145, 146, 150, 152, 154, 155, 156, 157, 158, 159, 160, 167, 171, 176, 177, 182, 187, 192, 195, 203, 205, 206, 209, 212, 213, 214, 216, 217, 219, 223, 226, 227, 228, 231, 233, 234, 236, 237, 238, 240, 242, 244, 245, 246, 249, 251, 252, 253, 255, 257, 258, 260, 262, 263, 264, 266, 267, 270, 271, 273, 274, 275, 276, 280, 282, 283, 284, 285, 286, 287, 288, 289, 290, 291, 292, 293, 294, 295], "excluded_lines": [298, 299], "functions": {"TopKRanker.predict": {"executed_lines": [], "summary": {"covered_lines": 0, "num_statements": 8, "percent_covered": 0.0, "percent_covered_display": "0", "missing_lines": 8, "excluded_lines": 0}, "missing_lines": [37, 38, 39, 40, 41, 42, 43, 44], "excluded_lines": []}, "sparse2graph": {"executed_lines": [], "summary": {"covered_lines": 0, "num_statements": 5, "percent_covered": 0.0, "percent_covered_display": "0", "missing_lines": 5, "excluded_lines": 0}, "missing_lines": [57, 58, 59, 60, 61], "excluded_lines": []}, "benchmark_node_classification": {"executed_lines": [], "summary": {"covered_lines": 0, "num_statements": 51, "percent_covered": 0.0, "percent_covered_display": "0", "missing_lines": 51, "excluded_lines": 0}, "missing_lines": [80, 81, 82, 83, 85, 87, 88, 89, 92, 95, 97, 98, 101, 103, 104, 106, 108, 110, 112, 114, 116, 117, 119, 121, 122, 123, 125, 127, 128, 130, 132, 133, 134, 136, 137, 140, 141, 143, 144, 145, 146, 150, 152, 154, 155, 156, 157, 158, 159, 160, 167], "excluded_lines": []}, "main": {"executed_lines": [], "summary": {"covered_lines": 0, "num_statements": 66, "percent_covered": 0.0, "percent_covered_display": "0", "missing_lines": 66, "excluded_lines": 0}, "missing_lines": [171, 176, 177, 182, 187, 192, 195, 203, 205, 206, 209, 212, 213, 214, 216, 217, 219, 223, 226, 227, 228, 231, 233, 234, 236, 237, 238, 240, 242, 244, 245, 246, 249, 251, 252, 253, 255, 257, 258, 260, 262, 263, 264, 266, 267, 270, 271, 273, 274, 275, 276, 280, 282, 283, 284, 285, 286, 287, 288, 289, 290, 291, 292, 293, 294, 295], "excluded_lines": []}, "": {"executed_lines": [3, 4, 5, 6, 7, 9, 10, 11, 12, 13, 14, 15, 16, 17, 18, 20, 22, 25, 26, 47, 64, 170, 298], "summary": {"covered_lines": 22, "num_statements": 22, "percent_covered": 100.0, "percent_covered_display": "100", "missing_lines": 0, "excluded_lines": 2}, "missing_lines": [], "excluded_lines": [298, 299]}}, "classes": {"TopKRanker": {"executed_lines": [], "summary": {"covered_lines": 0, "num_statements": 8, "percent_covered": 0.0, "percent_covered_display": "0", "missing_lines": 8, "excluded_lines": 0}, "missing_lines": [37, 38, 39, 40, 41, 42, 43, 44], "excluded_lines": []}, "": {"executed_lines": [3, 4, 5, 6, 7, 9, 10, 11, 12, 13, 14, 15, 16, 17, 18, 20, 22, 25, 26, 47, 64, 170, 298], "summary": {"covered_lines": 22, "num_statements": 144, "percent_covered": 15.277777777777779, "percent_covered_display": "15", "missing_lines": 122, "excluded_lines": 2}, "missing_lines": [57, 58, 59, 60, 61, 80, 81, 82, 83, 85, 87, 88, 89, 92, 95, 97, 98, 101, 103, 104, 106, 108, 110, 112, 114, 116, 117, 119, 121, 122, 123, 125, 127, 128, 130, 132, 133, 134, 136, 137, 140, 141, 143, 144, 145, 146, 150, 152, 154, 155, 156, 157, 158, 159, 160, 167, 171, 176, 177, 182, 187, 192, 195, 203, 205, 206, 209, 212, 213, 214, 216, 217, 219, 223, 226, 227, 228, 231, 233, 234, 236, 237, 238, 240, 242, 244, 245, 246, 249, 251, 252, 253, 255, 257, 258, 260, 262, 263, 264, 266, 267, 270, 271, 273, 274, 275, 276, 280, 282, 283, 284, 285, 286, 287, 288, 289, 290, 291, 292, 293, 294, 295], "excluded_lines": [298, 299]}}}, "py3plex/wrappers/node2vec_embedding.py": {"executed_lines": [2, 3, 4, 5, 6, 7, 9, 10, 12, 14, 15, 17, 20, 80, 206], "summary": {"covered_lines": 15, "num_statements": 78, "percent_covered": 19.23076923076923, "percent_covered_display": "19", "missing_lines": 63, "excluded_lines": 8}, "missing_lines": [49, 50, 57, 58, 63, 64, 65, 66, 67, 68, 69, 70, 71, 72, 73, 74, 75, 76, 77, 114, 115, 116, 120, 123, 124, 126, 128, 129, 136, 139, 140, 141, 146, 147, 148, 150, 151, 152, 159, 160, 161, 170, 171, 175, 176, 180, 181, 183, 185, 187, 189, 199, 200, 201, 203, 232, 233, 234, 235, 236, 247, 248, 249], "excluded_lines": [117, 118, 131, 132, 143, 144, 177, 178], "functions": {"call_node2vec_binary": {"executed_lines": [], "summary": {"covered_lines": 0, "num_statements": 19, "percent_covered": 0.0, "percent_covered_display": "0", "missing_lines": 19, "excluded_lines": 0}, "missing_lines": [49, 50, 57, 58, 63, 64, 65, 66, 67, 68, 69, 70, 71, 72, 73, 74, 75, 76, 77], "excluded_lines": []}, "n2v_embedding": {"executed_lines": [], "summary": {"covered_lines": 0, "num_statements": 36, "percent_covered": 0.0, "percent_covered_display": "0", "missing_lines": 36, "excluded_lines": 8}, "missing_lines": [114, 115, 116, 120, 123, 124, 126, 128, 129, 136, 139, 140, 141, 146, 147, 148, 150, 151, 152, 159, 160, 161, 170, 171, 175, 176, 180, 181, 183, 185, 187, 189, 199, 200, 201, 203], "excluded_lines": [117, 118, 131, 132, 143, 144, 177, 178]}, "learn_embedding": {"executed_lines": [], "summary": {"covered_lines": 0, "num_statements": 8, "percent_covered": 0.0, "percent_covered_display": "0", "missing_lines": 8, "excluded_lines": 0}, "missing_lines": [232, 233, 234, 235, 236, 247, 248, 249], "excluded_lines": []}, "": {"executed_lines": [2, 3, 4, 5, 6, 7, 9, 10, 12, 14, 15, 17, 20, 80, 206], "summary": {"covered_lines": 15, "num_statements": 15, "percent_covered": 100.0, "percent_covered_display": "100", "missing_lines": 0, "excluded_lines": 0}, "missing_lines": [], "excluded_lines": []}}, "classes": {"": {"executed_lines": [2, 3, 4, 5, 6, 7, 9, 10, 12, 14, 15, 17, 20, 80, 206], "summary": {"covered_lines": 15, "num_statements": 78, "percent_covered": 19.23076923076923, "percent_covered_display": "19", "missing_lines": 63, "excluded_lines": 8}, "missing_lines": [49, 50, 57, 58, 63, 64, 65, 66, 67, 68, 69, 70, 71, 72, 73, 74, 75, 76, 77, 114, 115, 116, 120, 123, 124, 126, 128, 129, 136, 139, 140, 141, 146, 147, 148, 150, 151, 152, 159, 160, 161, 170, 171, 175, 176, 180, 181, 183, 185, 187, 189, 199, 200, 201, 203, 232, 233, 234, 235, 236, 247, 248, 249], "excluded_lines": [117, 118, 131, 132, 143, 144, 177, 178]}}}, "py3plex/wrappers/train_node2vec_embedding.py": {"executed_lines": [2, 3, 4, 5, 6, 7, 9, 10, 12, 14, 15, 17, 20, 59, 182], "summary": {"covered_lines": 15, "num_statements": 76, "percent_covered": 19.736842105263158, "percent_covered_display": "20", "missing_lines": 61, "excluded_lines": 8}, "missing_lines": [43, 44, 45, 46, 47, 48, 49, 50, 51, 52, 53, 54, 55, 56, 90, 91, 92, 96, 99, 100, 102, 104, 105, 112, 115, 116, 117, 122, 123, 124, 126, 127, 128, 135, 136, 137, 146, 147, 151, 152, 156, 157, 159, 161, 163, 165, 175, 176, 177, 179, 208, 209, 210, 211, 214, 215, 217, 218, 229, 230, 231], "excluded_lines": [93, 94, 107, 108, 119, 120, 153, 154], "functions": {"call_node2vec_binary": {"executed_lines": [], "summary": {"covered_lines": 0, "num_statements": 14, "percent_covered": 0.0, "percent_covered_display": "0", "missing_lines": 14, "excluded_lines": 0}, "missing_lines": [43, 44, 45, 46, 47, 48, 49, 50, 51, 52, 53, 54, 55, 56], "excluded_lines": []}, "n2v_embedding": {"executed_lines": [], "summary": {"covered_lines": 0, "num_statements": 36, "percent_covered": 0.0, "percent_covered_display": "0", "missing_lines": 36, "excluded_lines": 8}, "missing_lines": [90, 91, 92, 96, 99, 100, 102, 104, 105, 112, 115, 116, 117, 122, 123, 124, 126, 127, 128, 135, 136, 137, 146, 147, 151, 152, 156, 157, 159, 161, 163, 165, 175, 176, 177, 179], "excluded_lines": [93, 94, 107, 108, 119, 120, 153, 154]}, "learn_embedding": {"executed_lines": [], "summary": {"covered_lines": 0, "num_statements": 11, "percent_covered": 0.0, "percent_covered_display": "0", "missing_lines": 11, "excluded_lines": 0}, "missing_lines": [208, 209, 210, 211, 214, 215, 217, 218, 229, 230, 231], "excluded_lines": []}, "": {"executed_lines": [2, 3, 4, 5, 6, 7, 9, 10, 12, 14, 15, 17, 20, 59, 182], "summary": {"covered_lines": 15, "num_statements": 15, "percent_covered": 100.0, "percent_covered_display": "100", "missing_lines": 0, "excluded_lines": 0}, "missing_lines": [], "excluded_lines": []}}, "classes": {"": {"executed_lines": [2, 3, 4, 5, 6, 7, 9, 10, 12, 14, 15, 17, 20, 59, 182], "summary": {"covered_lines": 15, "num_statements": 76, "percent_covered": 19.736842105263158, "percent_covered_display": "20", "missing_lines": 61, "excluded_lines": 8}, "missing_lines": [43, 44, 45, 46, 47, 48, 49, 50, 51, 52, 53, 54, 55, 56, 90, 91, 92, 96, 99, 100, 102, 104, 105, 112, 115, 116, 117, 122, 123, 124, 126, 127, 128, 135, 136, 137, 146, 147, 151, 152, 156, 157, 159, 161, 163, 165, 175, 176, 177, 179, 208, 209, 210, 211, 214, 215, 217, 218, 229, 230, 231], "excluded_lines": [93, 94, 107, 108, 119, 120, 153, 154]}}}}, "totals": {"covered_lines": 4671, "num_statements": 13792, "percent_covered": 33.86745939675174, "percent_covered_display": "34", "missing_lines": 9121, "excluded_lines": 182}}